#
# There is insufficient memory for the Java Runtime Environment to continue.
# Native memory allocation (malloc) failed to allocate 760176 bytes for Chunk::new
# Possible reasons:
#   The system is out of physical RAM or swap space
#   The process is running with CompressedOops enabled, and the Java Heap may be blocking the growth of the native heap
# Possible solutions:
#   Reduce memory load on the system
#   Increase physical memory or swap space
#   Check if swap backing store is full
#   Decrease Java heap size (-Xmx/-Xms)
#   Decrease number of Java threads
#   Decrease Java thread stack sizes (-Xss)
#   Set larger code cache with -XX:ReservedCodeCacheSize=
#   JVM is running with Unscaled Compressed Oops mode in which the Java heap is
#     placed in the first 4GB address space. The Java Heap base address is the
#     maximum limit for the native heap growth. Please use -XX:HeapBaseMinAddress
#     to set the Java Heap base and to place the Java Heap above 4GB virtual address.
# This output file may be truncated or incomplete.
#
#  Out of Memory Error (allocation.cpp:389), pid=1260, tid=0x000000000000aa94
#
# JRE version: OpenJDK Runtime Environment (8.0_242-b01) (build 1.8.0_242-release-1644-b01)
# Java VM: OpenJDK 64-Bit Server VM (25.242-b01 mixed mode windows-amd64 compressed oops)
# Failed to write core dump. Minidumps are not enabled by default on client versions of Windows
#

---------------  T H R E A D  ---------------

Current thread (0x00000000187c3000):  JavaThread "C2 CompilerThread1" daemon [_thread_in_native, id=43668, stack(0x000000001a530000,0x000000001a630000)]

Stack: [0x000000001a530000,0x000000001a630000]
[error occurred during error reporting (printing stack bounds), id 0xc0000005]

Native frames: (J=compiled Java code, j=interpreted, Vv=VM code, C=native code)


Current CompileTask:
C2:  46322 14955       4       com.sun.tools.javac.file.JavacFileManager::listArchive (131 bytes)


---------------  P R O C E S S  ---------------

Java Threads: ( => current thread )
  0x000000001c573800 JavaThread "WorkerExecutor Queue Thread 19" [_thread_blocked, id=4792, stack(0x0000000034b20000,0x0000000034c20000)]
  0x000000001c56a000 JavaThread "RMI TCP Connection(1)-127.0.0.1" daemon [_thread_in_native, id=59904, stack(0x0000000034a20000,0x0000000034b20000)]
  0x000000001c56d800 JavaThread "RMI Reaper" [_thread_blocked, id=53416, stack(0x0000000034920000,0x0000000034a20000)]
  0x000000001c570800 JavaThread "RMI TCP Accept-0" daemon [_thread_in_native, id=43088, stack(0x0000000034820000,0x0000000034920000)]
  0x000000001c570000 JavaThread "GC Daemon" daemon [_thread_blocked, id=6948, stack(0x0000000034720000,0x0000000034820000)]
  0x000000001c56e800 JavaThread "RMI Scheduler(0)" daemon [_thread_blocked, id=65388, stack(0x0000000034120000,0x0000000034220000)]
  0x000000001c583800 JavaThread "stdout" [_thread_in_native, id=26772, stack(0x00000000383a0000,0x00000000384a0000)]
  0x000000001c582000 JavaThread "stderr" [_thread_in_native, id=39052, stack(0x0000000036cd0000,0x0000000036dd0000)]
  0x000000001c581000 JavaThread "stdout" [_thread_in_native, id=2396, stack(0x0000000036bd0000,0x0000000036cd0000)]
  0x000000001c580800 JavaThread "stderr" [_thread_in_native, id=34104, stack(0x0000000036ad0000,0x0000000036bd0000)]
  0x000000001c584000 JavaThread "stdout" [_thread_in_native, id=4804, stack(0x0000000034d20000,0x0000000034e20000)]
  0x000000001c57f800 JavaThread "stderr" [_thread_in_native, id=40192, stack(0x0000000034c20000,0x0000000034d20000)]
  0x000000001c578000 JavaThread "stdout" [_thread_in_native, id=34236, stack(0x0000000035630000,0x0000000035730000)]
  0x000000001c57f000 JavaThread "stderr" [_thread_in_native, id=54944, stack(0x0000000034e70000,0x0000000034f70000)]
  0x000000001c577800 JavaThread "stdout" [_thread_in_native, id=28600, stack(0x0000000038590000,0x0000000038690000)]
  0x000000001c57e000 JavaThread "stderr" [_thread_in_native, id=45368, stack(0x00000000369d0000,0x0000000036ad0000)]
  0x000000001c579800 JavaThread "stdout" [_thread_in_native, id=54132, stack(0x00000000382a0000,0x00000000383a0000)]
  0x000000001c576800 JavaThread "stderr" [_thread_in_native, id=60320, stack(0x00000000381a0000,0x00000000382a0000)]
  0x000000001c57d800 JavaThread "stdout" [_thread_in_native, id=65016, stack(0x00000000380a0000,0x00000000381a0000)]
  0x000000001c57c000 JavaThread "stderr" [_thread_in_native, id=56840, stack(0x0000000037fa0000,0x00000000380a0000)]
  0x000000001c57b000 JavaThread "stdout" [_thread_in_native, id=57876, stack(0x0000000037ea0000,0x0000000037fa0000)]
  0x000000001c567800 JavaThread "stderr" [_thread_in_native, id=42000, stack(0x0000000037da0000,0x0000000037ea0000)]
  0x000000001c567000 JavaThread "pool-2-thread-1" [_thread_blocked, id=38704, stack(0x00000000350d0000,0x00000000351d0000)]
  0x000000001c57c800 JavaThread "MarlinRenderer Disposer" daemon [_thread_blocked, id=15996, stack(0x0000000035230000,0x0000000035330000)]
  0x000000001c579000 JavaThread "Java2D Disposer" daemon [_thread_blocked, id=39336, stack(0x0000000034f80000,0x0000000035080000)]
  0x000000001c569000 JavaThread "WorkerExecutor Queue" [_thread_in_native, id=6192, stack(0x0000000033c20000,0x0000000033d20000)]
  0x000000001b38f000 JavaThread "Cache worker for execution history cache (E:\Openclassrooms\RealEstateManager\RealEstateManager\.gradle\6.5\executionHistory)" [_thread_blocked, id=23780, stack(0x0000000033520000,0x0000000033620000)]
  0x000000001b38e000 JavaThread "Execution worker for ':' Thread 15" [_thread_blocked, id=65248, stack(0x0000000033420000,0x0000000033520000)]
  0x000000001b38d800 JavaThread "Execution worker for ':' Thread 14" [_thread_blocked, id=24040, stack(0x0000000033320000,0x0000000033420000)]
  0x000000001b386000 JavaThread "Execution worker for ':' Thread 13" [_thread_blocked, id=20896, stack(0x0000000033220000,0x0000000033320000)]
  0x000000001b38c800 JavaThread "Execution worker for ':' Thread 12" [_thread_blocked, id=16000, stack(0x0000000033120000,0x0000000033220000)]
  0x000000001b385000 JavaThread "Execution worker for ':' Thread 11" [_thread_blocked, id=4664, stack(0x0000000033020000,0x0000000033120000)]
  0x000000001b38c000 JavaThread "Execution worker for ':' Thread 10" [_thread_blocked, id=51808, stack(0x0000000032f20000,0x0000000033020000)]
  0x000000001b389000 JavaThread "Execution worker for ':' Thread 9" [_thread_blocked, id=46792, stack(0x0000000032e20000,0x0000000032f20000)]
  0x000000001b384800 JavaThread "Execution worker for ':' Thread 8" [_thread_blocked, id=47608, stack(0x0000000032d20000,0x0000000032e20000)]
  0x000000001b388000 JavaThread "Execution worker for ':' Thread 7" [_thread_blocked, id=16388, stack(0x0000000032c20000,0x0000000032d20000)]
  0x000000001b38b000 JavaThread "Execution worker for ':' Thread 6" [_thread_blocked, id=49408, stack(0x0000000032b20000,0x0000000032c20000)]
  0x000000001b38a800 JavaThread "Execution worker for ':' Thread 5" [_thread_blocked, id=26148, stack(0x0000000032a20000,0x0000000032b20000)]
  0x000000001b389800 JavaThread "Execution worker for ':' Thread 4" [_thread_blocked, id=15352, stack(0x0000000032920000,0x0000000032a20000)]
  0x000000001b381800 JavaThread "Execution worker for ':' Thread 3" [_thread_blocked, id=57980, stack(0x0000000032820000,0x0000000032920000)]
  0x000000001b383800 JavaThread "Execution worker for ':' Thread 2" [_thread_blocked, id=1744, stack(0x0000000032720000,0x0000000032820000)]
  0x000000001b387800 JavaThread "Execution worker for ':'" [_thread_blocked, id=40000, stack(0x0000000032620000,0x0000000032720000)]
  0x000000001b382000 JavaThread "Cache worker for file content cache (E:\Openclassrooms\RealEstateManager\RealEstateManager\.gradle\6.5\fileContent)" [_thread_blocked, id=53176, stack(0x0000000032120000,0x0000000032220000)]
  0x000000001b386800 JavaThread "Memory manager" [_thread_blocked, id=6624, stack(0x0000000031050000,0x0000000031150000)]
  0x000000001b383000 JavaThread "Cache worker for Build Output Cleanup Cache (E:\Openclassrooms\RealEstateManager\RealEstateManager\.gradle\buildOutputCleanup)" [_thread_blocked, id=36420, stack(0x000000002dd90000,0x000000002de90000)]
  0x000000001da67000 JavaThread "jar transforms Thread 122" [_thread_blocked, id=36424, stack(0x000000002d9f0000,0x000000002daf0000)]
  0x000000001da66800 JavaThread "jar transforms Thread 121" [_thread_blocked, id=60688, stack(0x000000002d8f0000,0x000000002d9f0000)]
  0x000000001da68000 JavaThread "jar transforms Thread 120" [_thread_blocked, id=53488, stack(0x000000002d7f0000,0x000000002d8f0000)]
  0x000000001da6a000 JavaThread "jar transforms Thread 119" [_thread_blocked, id=60984, stack(0x000000002d6f0000,0x000000002d7f0000)]
  0x000000001da65800 JavaThread "jar transforms Thread 118" [_thread_blocked, id=28408, stack(0x000000002d5f0000,0x000000002d6f0000)]
  0x000000001da69800 JavaThread "jar transforms Thread 117" [_thread_blocked, id=54800, stack(0x000000002d4f0000,0x000000002d5f0000)]
  0x000000001da68800 JavaThread "jar transforms Thread 116" [_thread_blocked, id=55964, stack(0x000000002d3f0000,0x000000002d4f0000)]
  0x000000001da5e000 JavaThread "jar transforms Thread 115" [_thread_blocked, id=58544, stack(0x000000002d2f0000,0x000000002d3f0000)]
  0x000000001da64000 JavaThread "jar transforms Thread 114" [_thread_blocked, id=46952, stack(0x000000002d1f0000,0x000000002d2f0000)]
  0x000000001da65000 JavaThread "jar transforms Thread 113" [_thread_blocked, id=7084, stack(0x000000002d0f0000,0x000000002d1f0000)]
  0x000000001da5d800 JavaThread "jar transforms Thread 112" [_thread_blocked, id=63320, stack(0x000000002cff0000,0x000000002d0f0000)]
  0x000000001da62800 JavaThread "jar transforms Thread 111" [_thread_blocked, id=54508, stack(0x000000002cef0000,0x000000002cff0000)]
  0x000000001da62000 JavaThread "jar transforms Thread 110" [_thread_blocked, id=58232, stack(0x000000002cdf0000,0x000000002cef0000)]
  0x000000001da61000 JavaThread "jar transforms Thread 109" [_thread_blocked, id=17600, stack(0x000000002ccf0000,0x000000002cdf0000)]
  0x000000001da5f800 JavaThread "jar transforms Thread 108" [_thread_blocked, id=49724, stack(0x000000002cbf0000,0x000000002ccf0000)]
  0x000000001da63800 JavaThread "jar transforms Thread 107" [_thread_blocked, id=12952, stack(0x000000002caf0000,0x000000002cbf0000)]
  0x000000001da60800 JavaThread "jar transforms Thread 106" [_thread_blocked, id=39332, stack(0x000000002c9f0000,0x000000002caf0000)]
  0x000000001da5c800 JavaThread "jar transforms Thread 105" [_thread_blocked, id=56852, stack(0x000000002c8f0000,0x000000002c9f0000)]
  0x000000001da5f000 JavaThread "jar transforms Thread 104" [_thread_blocked, id=31480, stack(0x000000002c7f0000,0x000000002c8f0000)]
  0x000000001da5b000 JavaThread "jar transforms Thread 103" [_thread_blocked, id=31300, stack(0x000000002c6f0000,0x000000002c7f0000)]
  0x000000001da5c000 JavaThread "jar transforms Thread 102" [_thread_blocked, id=15616, stack(0x000000002c5f0000,0x000000002c6f0000)]
  0x000000001ca3e800 JavaThread "jar transforms Thread 101" [_thread_blocked, id=20724, stack(0x000000002c4f0000,0x000000002c5f0000)]
  0x000000001ca3d800 JavaThread "jar transforms Thread 100" [_thread_blocked, id=19628, stack(0x000000002c3f0000,0x000000002c4f0000)]
  0x000000001ca3f000 JavaThread "jar transforms Thread 99" [_thread_blocked, id=36292, stack(0x000000002c2f0000,0x000000002c3f0000)]
  0x000000001ca42000 JavaThread "jar transforms Thread 98" [_thread_blocked, id=18624, stack(0x000000002c1f0000,0x000000002c2f0000)]
  0x000000001ca40000 JavaThread "jar transforms Thread 97" [_thread_blocked, id=46268, stack(0x000000002c0f0000,0x000000002c1f0000)]
  0x000000001ca3c000 JavaThread "jar transforms Thread 96" [_thread_blocked, id=59320, stack(0x000000002bff0000,0x000000002c0f0000)]
  0x000000001ca40800 JavaThread "jar transforms Thread 95" [_thread_blocked, id=6728, stack(0x000000002bef0000,0x000000002bff0000)]
  0x000000001ca41800 JavaThread "jar transforms Thread 94" [_thread_blocked, id=34032, stack(0x000000002bdf0000,0x000000002bef0000)]
  0x000000001ca36000 JavaThread "jar transforms Thread 93" [_thread_blocked, id=56640, stack(0x000000002bcf0000,0x000000002bdf0000)]
  0x000000001ca3b800 JavaThread "jar transforms Thread 92" [_thread_blocked, id=28740, stack(0x000000002bbf0000,0x000000002bcf0000)]
  0x000000001ca3a000 JavaThread "jar transforms Thread 91" [_thread_blocked, id=35660, stack(0x000000002baf0000,0x000000002bbf0000)]
  0x000000001ca39000 JavaThread "jar transforms Thread 90" [_thread_blocked, id=2732, stack(0x000000002b9f0000,0x000000002baf0000)]
  0x000000001ca3d000 JavaThread "jar transforms Thread 89" [_thread_blocked, id=51316, stack(0x000000002b8f0000,0x000000002b9f0000)]
  0x000000001ca35800 JavaThread "jar transforms Thread 88" [_thread_blocked, id=62680, stack(0x000000002b7f0000,0x000000002b8f0000)]
  0x000000001ca34000 JavaThread "jar transforms Thread 87" [_thread_blocked, id=43060, stack(0x000000002b6f0000,0x000000002b7f0000)]
  0x000000001ca38800 JavaThread "jar transforms Thread 86" [_thread_blocked, id=57108, stack(0x000000002b5f0000,0x000000002b6f0000)]
  0x000000001ca34800 JavaThread "jar transforms Thread 85" [_thread_blocked, id=12436, stack(0x000000002b4f0000,0x000000002b5f0000)]
  0x000000001ca3a800 JavaThread "jar transforms Thread 84" [_thread_blocked, id=44076, stack(0x000000002b3f0000,0x000000002b4f0000)]
  0x000000001ca33000 JavaThread "jar transforms Thread 83" [_thread_blocked, id=56752, stack(0x000000002b1f0000,0x000000002b2f0000)]
  0x000000001ca37800 JavaThread "jar transforms Thread 82" [_thread_blocked, id=44544, stack(0x000000002b0f0000,0x000000002b1f0000)]
  0x000000001ca37000 JavaThread "jar transforms Thread 81" [_thread_blocked, id=45712, stack(0x000000002aff0000,0x000000002b0f0000)]
  0x000000001b57d800 JavaThread "jar transforms Thread 80" [_thread_blocked, id=19880, stack(0x000000002aef0000,0x000000002aff0000)]
  0x000000001b57d000 JavaThread "jar transforms Thread 79" [_thread_blocked, id=42444, stack(0x000000002adf0000,0x000000002aef0000)]
  0x000000001b57c000 JavaThread "jar transforms Thread 78" [_thread_blocked, id=17724, stack(0x000000002acf0000,0x000000002adf0000)]
  0x000000001b57b800 JavaThread "jar transforms Thread 77" [_thread_blocked, id=33880, stack(0x000000002abf0000,0x000000002acf0000)]
  0x000000001b57a800 JavaThread "jar transforms Thread 76" [_thread_blocked, id=10440, stack(0x000000002aaf0000,0x000000002abf0000)]
  0x000000001b573000 JavaThread "jar transforms Thread 75" [_thread_blocked, id=8956, stack(0x000000002a9f0000,0x000000002aaf0000)]
  0x000000001b57a000 JavaThread "jar transforms Thread 74" [_thread_blocked, id=58660, stack(0x000000002a8f0000,0x000000002a9f0000)]
  0x000000001b579000 JavaThread "jar transforms Thread 73" [_thread_blocked, id=51760, stack(0x000000002a7f0000,0x000000002a8f0000)]
  0x000000001b578800 JavaThread "jar transforms Thread 72" [_thread_blocked, id=37484, stack(0x000000002a6f0000,0x000000002a7f0000)]
  0x000000001b577800 JavaThread "jar transforms Thread 71" [_thread_blocked, id=36456, stack(0x000000002a5f0000,0x000000002a6f0000)]
  0x000000001b577000 JavaThread "jar transforms Thread 70" [_thread_blocked, id=21608, stack(0x000000002a4f0000,0x000000002a5f0000)]
  0x000000001b571000 JavaThread "jar transforms Thread 69" [_thread_blocked, id=29532, stack(0x000000002a3f0000,0x000000002a4f0000)]
  0x000000001b572800 JavaThread "jar transforms Thread 68" [_thread_blocked, id=10044, stack(0x000000002a2f0000,0x000000002a3f0000)]
  0x000000001b56f800 JavaThread "jar transforms Thread 67" [_thread_blocked, id=29228, stack(0x000000002a1f0000,0x000000002a2f0000)]
  0x000000001b570000 JavaThread "jar transforms Thread 66" [_thread_blocked, id=31308, stack(0x000000002a0f0000,0x000000002a1f0000)]
  0x000000001b576000 JavaThread "jar transforms Thread 65" [_thread_blocked, id=15828, stack(0x0000000029ff0000,0x000000002a0f0000)]
  0x000000001b574800 JavaThread "jar transforms Thread 64" [_thread_blocked, id=53900, stack(0x0000000029ef0000,0x0000000029ff0000)]
  0x000000001b574000 JavaThread "jar transforms Thread 63" [_thread_blocked, id=43332, stack(0x0000000029df0000,0x0000000029ef0000)]
  0x000000001b575800 JavaThread "jar transforms Thread 62" [_thread_blocked, id=52424, stack(0x0000000029cf0000,0x0000000029df0000)]
  0x000000001b571800 JavaThread "jar transforms Thread 61" [_thread_blocked, id=37472, stack(0x0000000029bf0000,0x0000000029cf0000)]
  0x000000001b56e800 JavaThread "jar transforms Thread 60" [_thread_blocked, id=53056, stack(0x0000000029af0000,0x0000000029bf0000)]
  0x000000001c350800 JavaThread "jar transforms Thread 59" [_thread_blocked, id=37120, stack(0x00000000299f0000,0x0000000029af0000)]
  0x000000001c34f800 JavaThread "jar transforms Thread 58" [_thread_blocked, id=60600, stack(0x00000000298f0000,0x00000000299f0000)]
  0x000000001c34f000 JavaThread "jar transforms Thread 57" [_thread_blocked, id=23396, stack(0x00000000297f0000,0x00000000298f0000)]
  0x000000001c348800 JavaThread "jar transforms Thread 56" [_thread_blocked, id=45484, stack(0x00000000296f0000,0x00000000297f0000)]
  0x000000001c34d800 JavaThread "jar transforms Thread 55" [_thread_blocked, id=32756, stack(0x00000000295f0000,0x00000000296f0000)]
  0x000000001c34c800 JavaThread "jar transforms Thread 54" [_thread_blocked, id=40844, stack(0x00000000294f0000,0x00000000295f0000)]
  0x000000001c34b800 JavaThread "jar transforms Thread 53" [_thread_blocked, id=42372, stack(0x00000000293f0000,0x00000000294f0000)]
  0x000000001c34b000 JavaThread "jar transforms Thread 52" [_thread_blocked, id=62112, stack(0x00000000292f0000,0x00000000293f0000)]
  0x000000001c34e000 JavaThread "jar transforms Thread 51" [_thread_blocked, id=49272, stack(0x00000000291f0000,0x00000000292f0000)]
  0x000000001c34a000 JavaThread "jar transforms Thread 50" [_thread_blocked, id=18692, stack(0x00000000290f0000,0x00000000291f0000)]
  0x000000001c349800 JavaThread "jar transforms Thread 49" [_thread_blocked, id=61252, stack(0x0000000028ff0000,0x00000000290f0000)]
  0x000000001c344000 JavaThread "jar transforms Thread 48" [_thread_blocked, id=64464, stack(0x0000000028ef0000,0x0000000028ff0000)]
  0x000000001c348000 JavaThread "jar transforms Thread 47" [_thread_blocked, id=22828, stack(0x0000000028df0000,0x0000000028ef0000)]
  0x000000001c341000 JavaThread "jar transforms Thread 46" [_thread_blocked, id=2756, stack(0x0000000028cf0000,0x0000000028df0000)]
  0x000000001c342000 JavaThread "jar transforms Thread 45" [_thread_blocked, id=2036, stack(0x0000000028bf0000,0x0000000028cf0000)]
  0x000000001c347000 JavaThread "jar transforms Thread 44" [_thread_blocked, id=42212, stack(0x0000000028af0000,0x0000000028bf0000)]
  0x000000001c346800 JavaThread "jar transforms Thread 43" [_thread_blocked, id=29244, stack(0x00000000289f0000,0x0000000028af0000)]
  0x000000001c343800 JavaThread "jar transforms Thread 42" [_thread_blocked, id=5760, stack(0x00000000288f0000,0x00000000289f0000)]
  0x000000001c345800 JavaThread "jar transforms Thread 41" [_thread_blocked, id=26820, stack(0x00000000287f0000,0x00000000288f0000)]
  0x000000001c345000 JavaThread "jar transforms Thread 40" [_thread_blocked, id=45116, stack(0x00000000286f0000,0x00000000287f0000)]
  0x000000001c342800 JavaThread "jar transforms Thread 39" [_thread_blocked, id=44396, stack(0x00000000285f0000,0x00000000286f0000)]
  0x000000001b4f2800 JavaThread "jar transforms Thread 38" [_thread_blocked, id=46488, stack(0x00000000284f0000,0x00000000285f0000)]
  0x000000001b4f0000 JavaThread "jar transforms Thread 37" [_thread_blocked, id=25688, stack(0x00000000283f0000,0x00000000284f0000)]
  0x000000001b4ee800 JavaThread "jar transforms Thread 36" [_thread_blocked, id=42836, stack(0x00000000282f0000,0x00000000283f0000)]
  0x000000001b4f5800 JavaThread "jar transforms Thread 35" [_thread_blocked, id=35668, stack(0x00000000281f0000,0x00000000282f0000)]
  0x000000001b4f1800 JavaThread "jar transforms Thread 34" [_thread_blocked, id=47124, stack(0x00000000280f0000,0x00000000281f0000)]
  0x000000001b4f4000 JavaThread "jar transforms Thread 33" [_thread_blocked, id=5456, stack(0x0000000027ff0000,0x00000000280f0000)]
  0x000000001b4f1000 JavaThread "jar transforms Thread 32" [_thread_blocked, id=58296, stack(0x0000000027ef0000,0x0000000027ff0000)]
  0x000000001b4f3000 JavaThread "jar transforms Thread 31" [_thread_blocked, id=40620, stack(0x0000000027df0000,0x0000000027ef0000)]
  0x000000001b4f4800 JavaThread "jar transforms Thread 30" [_thread_blocked, id=36736, stack(0x0000000027cf0000,0x0000000027df0000)]
  0x000000001b4ef800 JavaThread "jar transforms Thread 29" [_thread_blocked, id=7588, stack(0x0000000027bf0000,0x0000000027cf0000)]
  0x000000001b4ee000 JavaThread "jar transforms Thread 28" [_thread_blocked, id=50704, stack(0x0000000027af0000,0x0000000027bf0000)]
  0x000000001b4e6000 JavaThread "jar transforms Thread 27" [_thread_blocked, id=26328, stack(0x00000000279f0000,0x0000000027af0000)]
  0x000000001b4ed000 JavaThread "jar transforms Thread 26" [_thread_blocked, id=4992, stack(0x00000000278f0000,0x00000000279f0000)]
  0x000000001b4ec000 JavaThread "jar transforms Thread 25" [_thread_blocked, id=59504, stack(0x00000000277f0000,0x00000000278f0000)]
  0x000000001b4eb800 JavaThread "jar transforms Thread 24" [_thread_blocked, id=26768, stack(0x00000000276f0000,0x00000000277f0000)]
  0x000000001b4e7800 JavaThread "jar transforms Thread 23" [_thread_blocked, id=16732, stack(0x00000000275f0000,0x00000000276f0000)]
  0x000000001b4e9000 JavaThread "jar transforms Thread 22" [_thread_blocked, id=48596, stack(0x00000000274f0000,0x00000000275f0000)]
  0x000000001b4ea000 JavaThread "jar transforms Thread 21" [_thread_blocked, id=8268, stack(0x00000000273f0000,0x00000000274f0000)]
  0x000000001b4e7000 JavaThread "jar transforms Thread 20" [_thread_blocked, id=14400, stack(0x00000000272f0000,0x00000000273f0000)]
  0x000000001b4e8800 JavaThread "jar transforms Thread 19" [_thread_blocked, id=34164, stack(0x00000000271f0000,0x00000000272f0000)]
  0x000000001b4ea800 JavaThread "jar transforms Thread 18" [_thread_blocked, id=31776, stack(0x00000000270f0000,0x00000000271f0000)]
  0x000000001d792800 JavaThread "jar transforms Thread 17" [_thread_blocked, id=19672, stack(0x0000000026ff0000,0x00000000270f0000)]
  0x000000001d799000 JavaThread "jar transforms Thread 16" [_thread_blocked, id=47868, stack(0x0000000026ef0000,0x0000000026ff0000)]
  0x000000001d791800 JavaThread "jar transforms Thread 15" [_thread_blocked, id=45812, stack(0x0000000026df0000,0x0000000026ef0000)]
  0x000000001d798800 JavaThread "jar transforms Thread 14" [_thread_blocked, id=28880, stack(0x0000000026cf0000,0x0000000026df0000)]
  0x000000001d797800 JavaThread "jar transforms Thread 13" [_thread_blocked, id=30972, stack(0x0000000026bf0000,0x0000000026cf0000)]
  0x000000001d794800 JavaThread "jar transforms Thread 12" [_thread_blocked, id=1380, stack(0x0000000026af0000,0x0000000026bf0000)]
  0x000000001d795800 JavaThread "jar transforms Thread 11" [_thread_blocked, id=62420, stack(0x00000000269f0000,0x0000000026af0000)]
  0x000000001d793000 JavaThread "jar transforms Thread 10" [_thread_blocked, id=24428, stack(0x00000000268f0000,0x00000000269f0000)]
  0x000000001d794000 JavaThread "jar transforms Thread 9" [_thread_blocked, id=42660, stack(0x00000000267f0000,0x00000000268f0000)]
  0x000000001d796000 JavaThread "jar transforms Thread 8" [_thread_blocked, id=39172, stack(0x00000000266f0000,0x00000000267f0000)]
  0x000000001d797000 JavaThread "jar transforms Thread 7" [_thread_blocked, id=31016, stack(0x00000000265f0000,0x00000000266f0000)]
  0x000000001d78a000 JavaThread "jar transforms Thread 6" [_thread_blocked, id=37536, stack(0x00000000264f0000,0x00000000265f0000)]
  0x000000001d791000 JavaThread "jar transforms Thread 5" [_thread_blocked, id=46048, stack(0x00000000263f0000,0x00000000264f0000)]
  0x000000001d78b000 JavaThread "jar transforms Thread 4" [_thread_blocked, id=36100, stack(0x00000000262f0000,0x00000000263f0000)]
  0x000000001d790000 JavaThread "jar transforms Thread 3" [_thread_blocked, id=10004, stack(0x00000000261f0000,0x00000000262f0000)]
  0x000000001d78e800 JavaThread "jar transforms Thread 2" [_thread_blocked, id=37156, stack(0x00000000260f0000,0x00000000261f0000)]
  0x000000001d78e000 JavaThread "Build operations Thread 16" [_thread_blocked, id=31116, stack(0x0000000025df0000,0x0000000025ef0000)]
  0x000000001d78d000 JavaThread "Build operations Thread 15" [_thread_blocked, id=55276, stack(0x0000000025cf0000,0x0000000025df0000)]
  0x000000001d78c800 JavaThread "Build operations Thread 14" [_thread_blocked, id=55360, stack(0x0000000025bf0000,0x0000000025cf0000)]
  0x000000001d78f800 JavaThread "Build operations Thread 13" [_thread_blocked, id=32424, stack(0x0000000025af0000,0x0000000025bf0000)]
  0x000000001d78b800 JavaThread "Build operations Thread 12" [_thread_blocked, id=49952, stack(0x00000000259f0000,0x0000000025af0000)]
  0x000000001f772000 JavaThread "Build operations Thread 11" [_thread_blocked, id=20712, stack(0x00000000258f0000,0x00000000259f0000)]
  0x000000001f771800 JavaThread "Build operations Thread 10" [_thread_blocked, id=33932, stack(0x00000000257f0000,0x00000000258f0000)]
  0x000000001f76f000 JavaThread "Build operations Thread 9" [_thread_blocked, id=12728, stack(0x00000000256f0000,0x00000000257f0000)]
  0x000000001f770800 JavaThread "Build operations Thread 8" [_thread_blocked, id=54588, stack(0x00000000255f0000,0x00000000256f0000)]
  0x000000001f774800 JavaThread "Build operations Thread 7" [_thread_blocked, id=22680, stack(0x00000000254f0000,0x00000000255f0000)]
  0x000000001f775000 JavaThread "Build operations Thread 6" [_thread_blocked, id=27596, stack(0x00000000253f0000,0x00000000254f0000)]
  0x000000001f773800 JavaThread "Build operations Thread 5" [_thread_blocked, id=5200, stack(0x00000000252f0000,0x00000000253f0000)]
  0x000000001f773000 JavaThread "Build operations Thread 4" [_thread_blocked, id=57452, stack(0x00000000251f0000,0x00000000252f0000)]
  0x000000001f770000 JavaThread "Build operations Thread 3" [_thread_blocked, id=52520, stack(0x00000000250f0000,0x00000000251f0000)]
  0x000000001f767800 JavaThread "Build operations Thread 2" [_thread_blocked, id=27780, stack(0x0000000024ff0000,0x00000000250f0000)]
  0x000000001f76e800 JavaThread "Build operations" [_thread_blocked, id=41008, stack(0x0000000024c70000,0x0000000024d70000)]
  0x000000001f76c000 JavaThread "Cache worker for file content cache (E:\Android Studio\.gradle\caches\6.5\fileContent)" [_thread_blocked, id=8480, stack(0x0000000024770000,0x0000000024870000)]
  0x000000001f767000 JavaThread "jar transforms" [_thread_blocked, id=51652, stack(0x0000000024670000,0x0000000024770000)]
  0x000000001f76a800 JavaThread "Cache worker for execution history cache (E:\Android Studio\.gradle\caches\6.5\executionHistory)" [_thread_blocked, id=13768, stack(0x0000000022d90000,0x0000000022e90000)]
  0x000000001f76a000 JavaThread "Cache worker for cache directory md-rule (E:\Android Studio\.gradle\caches\6.5\md-rule)" [_thread_blocked, id=10488, stack(0x0000000022c90000,0x0000000022d90000)]
  0x0000000018816000 JavaThread "Cache worker for cache directory md-supplier (E:\Android Studio\.gradle\caches\6.5\md-supplier)" [_thread_blocked, id=28392, stack(0x0000000022b90000,0x0000000022c90000)]
  0x0000000018816800 JavaThread "Cache worker for checksums cache (E:\Openclassrooms\RealEstateManager\RealEstateManager\.gradle\checksums)" [_thread_blocked, id=37992, stack(0x0000000022990000,0x0000000022a90000)]
  0x0000000018813800 JavaThread "Cache worker for file hash cache (E:\Openclassrooms\RealEstateManager\RealEstateManager\.gradle\6.5\fileHashes)" [_thread_blocked, id=43684, stack(0x0000000022f00000,0x0000000023000000)]
  0x0000000018813000 JavaThread "Cache worker for file hash cache (E:\Android Studio\.gradle\caches\6.5\fileHashes)" [_thread_blocked, id=58696, stack(0x000000001f320000,0x000000001f420000)]
  0x0000000018812000 JavaThread "File lock request listener" [_thread_in_native, id=19224, stack(0x000000001f220000,0x000000001f320000)]
  0x00000000188c5800 JavaThread "Cache worker for journal cache (E:\Android Studio\.gradle\caches\journal-1)" [_thread_blocked, id=52340, stack(0x000000001f120000,0x000000001f220000)]
  0x000000001d1d4000 JavaThread "Thread-9" [_thread_blocked, id=54876, stack(0x000000001ee20000,0x000000001ef20000)]
  0x000000001d104800 JavaThread "Stdin handler" [_thread_blocked, id=52316, stack(0x000000001ed20000,0x000000001ee20000)]
  0x000000001d103800 JavaThread "Asynchronous log dispatcher for DefaultDaemonConnection: socket connection from /127.0.0.1:60919 to /127.0.0.1:60920" [_thread_blocked, id=45148, stack(0x000000001ec20000,0x000000001ed20000)]
  0x000000001d0e6000 JavaThread "Daemon worker" [_thread_blocked, id=18980, stack(0x000000001eb20000,0x000000001ec20000)]
  0x000000001d0e7800 JavaThread "Cancel handler" [_thread_blocked, id=44388, stack(0x000000001ea20000,0x000000001eb20000)]
  0x000000001d19c000 JavaThread "Handler for socket connection from /127.0.0.1:60919 to /127.0.0.1:60920" [_thread_in_native, id=8436, stack(0x000000001e920000,0x000000001ea20000)]
  0x000000001d197000 JavaThread "Daemon" [_thread_blocked, id=10120, stack(0x000000001e820000,0x000000001e920000)]
  0x000000001d17b800 JavaThread "Daemon periodic checks" [_thread_blocked, id=59128, stack(0x000000001e520000,0x000000001e620000)]
  0x000000001ce31000 JavaThread "Incoming local TCP Connector on port 60919" [_thread_in_native, id=29260, stack(0x000000001e2b0000,0x000000001e3b0000)]
  0x000000001cdc3000 JavaThread "Daemon health stats" [_thread_blocked, id=47284, stack(0x000000001ca70000,0x000000001cb70000)]
  0x0000000018897800 JavaThread "Service Thread" daemon [_thread_blocked, id=45740, stack(0x000000001b030000,0x000000001b130000)]
  0x0000000018811800 JavaThread "C1 CompilerThread11" daemon [_thread_blocked, id=39576, stack(0x000000001af30000,0x000000001b030000)]
  0x0000000018810800 JavaThread "C1 CompilerThread10" daemon [_thread_blocked, id=60180, stack(0x000000001ae30000,0x000000001af30000)]
  0x0000000018815000 JavaThread "C1 CompilerThread9" daemon [_thread_blocked, id=56224, stack(0x000000001ad30000,0x000000001ae30000)]
  0x0000000018814800 JavaThread "C1 CompilerThread8" daemon [_thread_blocked, id=28940, stack(0x000000001ac30000,0x000000001ad30000)]
  0x0000000018817800 JavaThread "C2 CompilerThread7" daemon [_thread_blocked, id=54348, stack(0x000000001ab30000,0x000000001ac30000)]
  0x000000001880b800 JavaThread "C2 CompilerThread6" daemon [_thread_blocked, id=27308, stack(0x000000001aa30000,0x000000001ab30000)]
  0x00000000187da800 JavaThread "C2 CompilerThread5" daemon [_thread_blocked, id=21728, stack(0x000000001a930000,0x000000001aa30000)]
  0x00000000187cc000 JavaThread "C2 CompilerThread4" daemon [_thread_in_native, id=28804, stack(0x000000001a830000,0x000000001a930000)]
  0x00000000187cb000 JavaThread "C2 CompilerThread3" daemon [_thread_blocked, id=52804, stack(0x000000001a730000,0x000000001a830000)]
  0x00000000187c7800 JavaThread "C2 CompilerThread2" daemon [_thread_blocked, id=60804, stack(0x000000001a630000,0x000000001a730000)]
=>0x00000000187c3000 JavaThread "C2 CompilerThread1" daemon [_thread_in_native, id=43668, stack(0x000000001a530000,0x000000001a630000)]
  0x00000000187c0800 JavaThread "C2 CompilerThread0" daemon [_thread_blocked, id=53572, stack(0x000000001a430000,0x000000001a530000)]
  0x00000000187c0000 JavaThread "Attach Listener" daemon [_thread_blocked, id=11072, stack(0x000000001a330000,0x000000001a430000)]
  0x00000000187bd000 JavaThread "Signal Dispatcher" daemon [_thread_blocked, id=3492, stack(0x000000001a230000,0x000000001a330000)]
  0x0000000016d31000 JavaThread "Finalizer" daemon [_thread_blocked, id=21660, stack(0x000000001a000000,0x000000001a100000)]
  0x00000000187a6000 JavaThread "Reference Handler" daemon [_thread_blocked, id=38924, stack(0x0000000019f00000,0x000000001a000000)]
  0x0000000000f5d800 JavaThread "main" [_thread_blocked, id=28024, stack(0x00000000027f0000,0x00000000028f0000)]

Other Threads:
  0x0000000018781800 VMThread [stack: 0x0000000019e00000,0x0000000019f00000] [id=45860]
  0x000000001889d000 WatcherThread [stack: 0x000000001b130000,0x000000001b230000] [id=8904]

VM state:not at safepoint (normal execution)

VM Mutex/Monitor currently owned by a thread: None

heap address: 0x00000000a0000000, size: 1536 MB, Compressed Oops mode: 32-bit
Narrow klass base: 0x0000000000000000, Narrow klass shift: 3
Compressed class space size: 1073741824 Address: 0x0000000100000000

Heap:
 PSYoungGen      total 456192K, used 5351K [0x00000000e0000000, 0x0000000100000000, 0x0000000100000000)
  eden space 406528K, 1% used [0x00000000e0000000,0x00000000e0539f08,0x00000000f8d00000)
  from space 49664K, 0% used [0x00000000fcf80000,0x00000000fcf80000,0x0000000100000000)
  to   space 58880K, 0% used [0x00000000f8d00000,0x00000000f8d00000,0x00000000fc680000)
 ParOldGen       total 458240K, used 81862K [0x00000000a0000000, 0x00000000bbf80000, 0x00000000e0000000)
  object space 458240K, 17% used [0x00000000a0000000,0x00000000a4ff1960,0x00000000bbf80000)
 Metaspace       used 94966K, capacity 98628K, committed 99032K, reserved 1134592K
  class space    used 12137K, capacity 12903K, committed 13056K, reserved 1048576K

Card table byte_map: [0x0000000011e30000,0x0000000012140000] byte_map_base: 0x0000000011930000

Marking Bits: (ParMarkBitMap*) 0x000000005eedf030
 Begin Bits: [0x0000000013040000, 0x0000000014840000)
 End Bits:   [0x0000000014840000, 0x0000000016040000)

Polling page: 0x0000000000ff0000

CodeCache: size=245760Kb used=44381Kb max_used=44394Kb free=201378Kb
 bounds [0x0000000002a70000, 0x0000000005600000, 0x0000000011a70000]
 total_blobs=13460 nmethods=12448 adapters=920
 compilation: enabled

Compilation events (10 events):
Event: 46.271 Thread 0x0000000018814800 14969       3       com.sun.tools.javac.jvm.ClassReader::findTypeVar (81 bytes)
Event: 46.272 Thread 0x0000000018815000 nmethod 14967 0x00000000055e3950 code [0x00000000055e3ac0, 0x00000000055e3d08]
Event: 46.272 Thread 0x0000000018814800 nmethod 14969 0x000000000485f610 code [0x000000000485f840, 0x00000000048603b8]
Event: 46.272 Thread 0x0000000018817800 14970       4       com.sun.tools.javac.util.Convert::utf2chars (135 bytes)
Event: 46.272 Thread 0x0000000018810800 nmethod 14968 0x000000000449ae50 code [0x000000000449b180, 0x000000000449c758]
Event: 46.272 Thread 0x00000000187c7800 nmethod 14956 0x00000000055f8f10 code [0x00000000055f90c0, 0x00000000055f9c48]
Event: 46.273 Thread 0x00000000187cb000 14971       4       com.sun.tools.javac.jvm.ClassReader::readName (55 bytes)
Event: 46.273 Thread 0x00000000187cb000 nmethod 14971 0x0000000004d2e5d0 code [0x0000000004d2e720, 0x0000000004d2e7c8]
Event: 46.274 Thread 0x0000000018817800 nmethod 14970 0x00000000055f6dd0 code [0x00000000055f6f20, 0x00000000055f72d8]
Event: 46.278 Thread 0x00000000187c0800 nmethod 14962 0x00000000055f7ad0 code [0x00000000055f7c60, 0x00000000055f84f8]

GC Heap History (10 events):
Event: 21.111 GC heap before
{Heap before GC invocations=10 (full 3):
 PSYoungGen      total 388096K, used 365568K [0x00000000e0000000, 0x00000000f9d80000, 0x0000000100000000)
  eden space 365568K, 100% used [0x00000000e0000000,0x00000000f6500000,0x00000000f6500000)
  from space 22528K, 0% used [0x00000000f8100000,0x00000000f8100000,0x00000000f9700000)
  to   space 28672K, 0% used [0x00000000f6500000,0x00000000f6500000,0x00000000f8100000)
 ParOldGen       total 317952K, used 39339K [0x00000000a0000000, 0x00000000b3680000, 0x00000000e0000000)
  object space 317952K, 12% used [0x00000000a0000000,0x00000000a266adf0,0x00000000b3680000)
 Metaspace       used 69534K, capacity 72656K, committed 72664K, reserved 1112064K
  class space    used 9409K, capacity 9979K, committed 9984K, reserved 1048576K
Event: 21.125 GC heap after
Heap after GC invocations=10 (full 3):
 PSYoungGen      total 394240K, used 28653K [0x00000000e0000000, 0x0000000100000000, 0x0000000100000000)
  eden space 365568K, 0% used [0x00000000e0000000,0x00000000e0000000,0x00000000f6500000)
  from space 28672K, 99% used [0x00000000f6500000,0x00000000f80fb648,0x00000000f8100000)
  to   space 38912K, 0% used [0x00000000fda00000,0x00000000fda00000,0x0000000100000000)
 ParOldGen       total 317952K, used 50635K [0x00000000a0000000, 0x00000000b3680000, 0x00000000e0000000)
  object space 317952K, 15% used [0x00000000a0000000,0x00000000a3172eb0,0x00000000b3680000)
 Metaspace       used 69534K, capacity 72656K, committed 72664K, reserved 1112064K
  class space    used 9409K, capacity 9979K, committed 9984K, reserved 1048576K
}
Event: 24.761 GC heap before
{Heap before GC invocations=11 (full 3):
 PSYoungGen      total 394240K, used 394221K [0x00000000e0000000, 0x0000000100000000, 0x0000000100000000)
  eden space 365568K, 100% used [0x00000000e0000000,0x00000000f6500000,0x00000000f6500000)
  from space 28672K, 99% used [0x00000000f6500000,0x00000000f80fb648,0x00000000f8100000)
  to   space 38912K, 0% used [0x00000000fda00000,0x00000000fda00000,0x0000000100000000)
 ParOldGen       total 317952K, used 50635K [0x00000000a0000000, 0x00000000b3680000, 0x00000000e0000000)
  object space 317952K, 15% used [0x00000000a0000000,0x00000000a3172eb0,0x00000000b3680000)
 Metaspace       used 77126K, capacity 80520K, committed 80600K, reserved 1118208K
  class space    used 10275K, capacity 10939K, committed 11008K, reserved 1048576K
Event: 24.775 GC heap after
Heap after GC invocations=11 (full 3):
 PSYoungGen      total 463872K, used 38890K [0x00000000e0000000, 0x0000000100000000, 0x0000000100000000)
  eden space 424960K, 0% used [0x00000000e0000000,0x00000000e0000000,0x00000000f9f00000)
  from space 38912K, 99% used [0x00000000fda00000,0x00000000ffffa928,0x0000000100000000)
  to   space 49664K, 0% used [0x00000000f9f00000,0x00000000f9f00000,0x00000000fcf80000)
 ParOldGen       total 317952K, used 60043K [0x00000000a0000000, 0x00000000b3680000, 0x00000000e0000000)
  object space 317952K, 18% used [0x00000000a0000000,0x00000000a3aa2de8,0x00000000b3680000)
 Metaspace       used 77126K, capacity 80520K, committed 80600K, reserved 1118208K
  class space    used 10275K, capacity 10939K, committed 11008K, reserved 1048576K
}
Event: 45.577 GC heap before
{Heap before GC invocations=12 (full 3):
 PSYoungGen      total 463872K, used 463850K [0x00000000e0000000, 0x0000000100000000, 0x0000000100000000)
  eden space 424960K, 100% used [0x00000000e0000000,0x00000000f9f00000,0x00000000f9f00000)
  from space 38912K, 99% used [0x00000000fda00000,0x00000000ffffa928,0x0000000100000000)
  to   space 49664K, 0% used [0x00000000f9f00000,0x00000000f9f00000,0x00000000fcf80000)
 ParOldGen       total 317952K, used 60043K [0x00000000a0000000, 0x00000000b3680000, 0x00000000e0000000)
  object space 317952K, 18% used [0x00000000a0000000,0x00000000a3aa2de8,0x00000000b3680000)
 Metaspace       used 92166K, capacity 95912K, committed 96088K, reserved 1132544K
  class space    used 11952K, capacity 12669K, committed 12672K, reserved 1048576K
Event: 45.597 GC heap after
Heap after GC invocations=12 (full 3):
 PSYoungGen      total 474624K, used 49650K [0x00000000e0000000, 0x0000000100000000, 0x0000000100000000)
  eden space 424960K, 0% used [0x00000000e0000000,0x00000000e0000000,0x00000000f9f00000)
  from space 49664K, 99% used [0x00000000f9f00000,0x00000000fcf7cab8,0x00000000fcf80000)
  to   space 49664K, 0% used [0x00000000fcf80000,0x00000000fcf80000,0x0000000100000000)
 ParOldGen       total 317952K, used 70941K [0x00000000a0000000, 0x00000000b3680000, 0x00000000e0000000)
  object space 317952K, 22% used [0x00000000a0000000,0x00000000a4547778,0x00000000b3680000)
 Metaspace       used 92166K, capacity 95912K, committed 96088K, reserved 1132544K
  class space    used 11952K, capacity 12669K, committed 12672K, reserved 1048576K
}
Event: 46.110 GC heap before
{Heap before GC invocations=13 (full 3):
 PSYoungGen      total 474624K, used 88723K [0x00000000e0000000, 0x0000000100000000, 0x0000000100000000)
  eden space 424960K, 9% used [0x00000000e0000000,0x00000000e2628350,0x00000000f9f00000)
  from space 49664K, 99% used [0x00000000f9f00000,0x00000000fcf7cab8,0x00000000fcf80000)
  to   space 49664K, 0% used [0x00000000fcf80000,0x00000000fcf80000,0x0000000100000000)
 ParOldGen       total 317952K, used 70941K [0x00000000a0000000, 0x00000000b3680000, 0x00000000e0000000)
  object space 317952K, 22% used [0x00000000a0000000,0x00000000a4547778,0x00000000b3680000)
 Metaspace       used 94452K, capacity 98182K, committed 98280K, reserved 1134592K
  class space    used 12090K, capacity 12872K, committed 12928K, reserved 1048576K
Event: 46.123 GC heap after
Heap after GC invocations=13 (full 3):
 PSYoungGen      total 456192K, used 23937K [0x00000000e0000000, 0x0000000100000000, 0x0000000100000000)
  eden space 406528K, 0% used [0x00000000e0000000,0x00000000e0000000,0x00000000f8d00000)
  from space 49664K, 48% used [0x00000000fcf80000,0x00000000fe6e0730,0x0000000100000000)
  to   space 58880K, 0% used [0x00000000f8d00000,0x00000000f8d00000,0x00000000fc680000)
 ParOldGen       total 317952K, used 103271K [0x00000000a0000000, 0x00000000b3680000, 0x00000000e0000000)
  object space 317952K, 32% used [0x00000000a0000000,0x00000000a64d9c28,0x00000000b3680000)
 Metaspace       used 94452K, capacity 98182K, committed 98280K, reserved 1134592K
  class space    used 12090K, capacity 12872K, committed 12928K, reserved 1048576K
}
Event: 46.123 GC heap before
{Heap before GC invocations=14 (full 4):
 PSYoungGen      total 456192K, used 23937K [0x00000000e0000000, 0x0000000100000000, 0x0000000100000000)
  eden space 406528K, 0% used [0x00000000e0000000,0x00000000e0000000,0x00000000f8d00000)
  from space 49664K, 48% used [0x00000000fcf80000,0x00000000fe6e0730,0x0000000100000000)
  to   space 58880K, 0% used [0x00000000f8d00000,0x00000000f8d00000,0x00000000fc680000)
 ParOldGen       total 317952K, used 103271K [0x00000000a0000000, 0x00000000b3680000, 0x00000000e0000000)
  object space 317952K, 32% used [0x00000000a0000000,0x00000000a64d9c28,0x00000000b3680000)
 Metaspace       used 94452K, capacity 98182K, committed 98280K, reserved 1134592K
  class space    used 12090K, capacity 12872K, committed 12928K, reserved 1048576K
Event: 46.224 GC heap after
Heap after GC invocations=14 (full 4):
 PSYoungGen      total 456192K, used 0K [0x00000000e0000000, 0x0000000100000000, 0x0000000100000000)
  eden space 406528K, 0% used [0x00000000e0000000,0x00000000e0000000,0x00000000f8d00000)
  from space 49664K, 0% used [0x00000000fcf80000,0x00000000fcf80000,0x0000000100000000)
  to   space 58880K, 0% used [0x00000000f8d00000,0x00000000f8d00000,0x00000000fc680000)
 ParOldGen       total 458240K, used 81862K [0x00000000a0000000, 0x00000000bbf80000, 0x00000000e0000000)
  object space 458240K, 17% used [0x00000000a0000000,0x00000000a4ff1960,0x00000000bbf80000)
 Metaspace       used 94375K, capacity 97982K, committed 98280K, reserved 1134592K
  class space    used 12071K, capacity 12836K, committed 12928K, reserved 1048576K
}

Deoptimization events (10 events):
Event: 45.652 Thread 0x000000001c569000 Uncommon trap: reason=unstable_if action=reinterpret pc=0x0000000004e9c98c method=java.lang.String.regionMatches(ZILjava/lang/String;II)Z @ 41
Event: 45.671 Thread 0x000000001c569000 Uncommon trap: reason=unstable_if action=reinterpret pc=0x00000000054c1ea0 method=com.sun.tools.javac.util.Name$Table.equals([BI[BII)Z @ 22
Event: 45.813 Thread 0x000000001c569000 Uncommon trap: reason=unstable_if action=reinterpret pc=0x0000000005528734 method=com.sun.tools.javac.jvm.ClassReader.readPool(I)Ljava/lang/Object; @ 21
Event: 45.847 Thread 0x000000001c569000 Uncommon trap: reason=unstable_if action=reinterpret pc=0x000000000551e5a0 method=com.sun.tools.javac.jvm.ClassReader.readName(I)Lcom/sun/tools/javac/util/Name; @ 7
Event: 45.940 Thread 0x000000001c569000 Uncommon trap: reason=unstable_if action=reinterpret pc=0x00000000046a7248 method=java.util.regex.Matcher.quoteReplacement(Ljava/lang/String;)Ljava/lang/String; @ 49
Event: 46.225 Thread 0x000000001c569000 Uncommon trap: reason=predicate action=maybe_recompile pc=0x00000000049a9134 method=java.util.Iterator.forEachRemaining(Ljava/util/function/Consumer;)V @ 14
Event: 46.261 Thread 0x000000001c569000 Uncommon trap: reason=unstable_if action=reinterpret pc=0x00000000038f9ca0 method=java.io.WinNTFileSystem.prefixLength(Ljava/lang/String;)I @ 11
Event: 46.261 Thread 0x000000001c569000 Uncommon trap: reason=unstable_if action=reinterpret pc=0x00000000046d3e8c method=java.lang.CharacterDataLatin1.isJavaIdentifierPart(I)Z @ 11
Event: 46.267 Thread 0x000000001c569000 Uncommon trap: reason=unloaded action=reinterpret pc=0x000000000559c7c4 method=com.sun.tools.javac.jvm.ClassReader.readPool(I)Ljava/lang/Object; @ 436
Event: 46.268 Thread 0x000000001c569000 Uncommon trap: reason=unstable_if action=reinterpret pc=0x000000000556a2cc method=com.sun.tools.javac.jvm.ClassReader.sigToType()Lcom/sun/tools/javac/code/Type; @ 288

Classes redefined (0 events):
No events

Internal exceptions (10 events):
Event: 35.627 Thread 0x000000001b38d800 Exception <a 'java/lang/NoSuchMethodError': <clinit>> (0x00000000f1931000) thrown at [C:\src\AOSP-openjdk-git\hotspot\src\share\vm\prims\jni.cpp, line 1615]
Event: 35.629 Thread 0x000000001b38d800 Exception <a 'java/lang/NoSuchMethodError': <clinit>> (0x00000000f1a029e0) thrown at [C:\src\AOSP-openjdk-git\hotspot\src\share\vm\prims\jni.cpp, line 1615]
Event: 43.170 Thread 0x000000001f76e800 Exception <a 'java/lang/NoSuchMethodError': <clinit>> (0x00000000f5c15838) thrown at [C:\src\AOSP-openjdk-git\hotspot\src\share\vm\prims\jni.cpp, line 1615]
Event: 43.781 Thread 0x000000001b38d800 Exception <a 'java/lang/NoSuchMethodError': <clinit>> (0x00000000f82c6588) thrown at [C:\src\AOSP-openjdk-git\hotspot\src\share\vm\prims\jni.cpp, line 1615]
Event: 43.876 Thread 0x000000001c569000 Exception <a 'java/lang/NoSuchMethodError': <clinit>> (0x00000000f87ad978) thrown at [C:\src\AOSP-openjdk-git\hotspot\src\share\vm\prims\jni.cpp, line 1615]
Event: 43.877 Thread 0x000000001c569000 Exception <a 'java/lang/NoSuchMethodError': <clinit>> (0x00000000f87c0488) thrown at [C:\src\AOSP-openjdk-git\hotspot\src\share\vm\prims\jni.cpp, line 1615]
Event: 44.214 Thread 0x000000001c569000 Exception <a 'java/lang/NoSuchMethodError': <clinit>> (0x00000000f885e1f0) thrown at [C:\src\AOSP-openjdk-git\hotspot\src\share\vm\prims\jni.cpp, line 1615]
Event: 45.600 Thread 0x000000001c56d000 Implicit null exception at 0x0000000003e69001 to 0x0000000003e6caf5
Event: 45.847 Thread 0x000000001c569000 Implicit null exception at 0x000000000551e558 to 0x000000000551e58e
Event: 45.962 Thread 0x000000001c569000 Exception <a 'java/lang/NoSuchMethodError': java.lang.Object.lambda$andThen$1(Ljava/util/function/Function;Ljava/lang/Object;)Ljava/lang/Object;> (0x00000000e1e14360) thrown at [C:\src\AOSP-openjdk-git\hotspot\src\share\vm\interpreter\linkResolver.cpp, li

Events (10 events):
Event: 46.293 loading class dagger/internal/Preconditions
Event: 46.293 loading class dagger/internal/Preconditions done
Event: 46.306 loading class dagger/internal/InstanceFactory
Event: 46.306 loading class dagger/internal/InstanceFactory done
Event: 46.308 loading class dagger/internal/Factory
Event: 46.308 loading class dagger/internal/Factory done
Event: 46.308 loading class dagger/Lazy
Event: 46.308 loading class dagger/Lazy done
Event: 46.309 loading class dagger/internal/codegen/ProcessingEnvironmentModule_DaggerElementsFactory
Event: 46.309 loading class dagger/internal/codegen/ProcessingEnvironmentModule_DaggerElementsFactory done


Dynamic libraries:
0x00007ff6a1a90000 - 0x00007ff6a1ac1000 	E:\Android Studio\jre\bin\java.exe
0x00007ff880570000 - 0x00007ff880765000 	C:\WINDOWS\SYSTEM32\ntdll.dll
0x00007ff87f100000 - 0x00007ff87f1bd000 	C:\WINDOWS\System32\KERNEL32.DLL
0x00007ff87dce0000 - 0x00007ff87dfa9000 	C:\WINDOWS\System32\KERNELBASE.dll
0x00007ff87e5e0000 - 0x00007ff87e68c000 	C:\WINDOWS\System32\ADVAPI32.dll
0x00007ff87eeb0000 - 0x00007ff87ef4e000 	C:\WINDOWS\System32\msvcrt.dll
0x00007ff87f590000 - 0x00007ff87f62b000 	C:\WINDOWS\System32\sechost.dll
0x00007ff87f6f0000 - 0x00007ff87f81a000 	C:\WINDOWS\System32\RPCRT4.dll
0x00007ff880390000 - 0x00007ff880530000 	C:\WINDOWS\System32\USER32.dll
0x00007ff87dfb0000 - 0x00007ff87dfd2000 	C:\WINDOWS\System32\win32u.dll
0x00007ff880360000 - 0x00007ff88038a000 	C:\WINDOWS\System32\GDI32.dll
0x00007ff87e290000 - 0x00007ff87e39b000 	C:\WINDOWS\System32\gdi32full.dll
0x00007ff87e3a0000 - 0x00007ff87e43d000 	C:\WINDOWS\System32\msvcp_win.dll
0x00007ff87e030000 - 0x00007ff87e130000 	C:\WINDOWS\System32\ucrtbase.dll
0x00007ff869040000 - 0x00007ff8692da000 	C:\WINDOWS\WinSxS\amd64_microsoft.windows.common-controls_6595b64144ccf1df_6.0.19041.1110_none_60b5254171f9507e\COMCTL32.dll
0x00007ff87ef50000 - 0x00007ff87ef80000 	C:\WINDOWS\System32\IMM32.DLL
0x000000005f1f0000 - 0x000000005f2c2000 	E:\Android Studio\jre\jre\bin\msvcr100.dll
0x000000005e710000 - 0x000000005ef5b000 	E:\Android Studio\jre\jre\bin\server\jvm.dll
0x00007ff87f090000 - 0x00007ff87f098000 	C:\WINDOWS\System32\PSAPI.DLL
0x00007ff878fe0000 - 0x00007ff878fea000 	C:\WINDOWS\SYSTEM32\VERSION.dll
0x00007ff86eed0000 - 0x00007ff86eef7000 	C:\WINDOWS\SYSTEM32\WINMM.dll
0x00007ff86a700000 - 0x00007ff86a709000 	C:\WINDOWS\SYSTEM32\WSOCK32.dll
0x00007ff87f4a0000 - 0x00007ff87f50b000 	C:\WINDOWS\System32\WS2_32.dll
0x00007ff879980000 - 0x00007ff87998f000 	E:\Android Studio\jre\jre\bin\verify.dll
0x00007ff86ac50000 - 0x00007ff86ac79000 	E:\Android Studio\jre\jre\bin\java.dll
0x00007ff878b60000 - 0x00007ff878b76000 	E:\Android Studio\jre\jre\bin\zip.dll
0x00007ff87e770000 - 0x00007ff87eeaf000 	C:\WINDOWS\System32\SHELL32.dll
0x00007ff87be00000 - 0x00007ff87c591000 	C:\WINDOWS\SYSTEM32\windows.storage.dll
0x00007ff87fd60000 - 0x00007ff8800b5000 	C:\WINDOWS\System32\combase.dll
0x00007ff87d720000 - 0x00007ff87d74c000 	C:\WINDOWS\SYSTEM32\Wldp.dll
0x00007ff87ef80000 - 0x00007ff87f02e000 	C:\WINDOWS\System32\SHCORE.dll
0x00007ff87f0a0000 - 0x00007ff87f0f5000 	C:\WINDOWS\System32\shlwapi.dll
0x00007ff87dbf0000 - 0x00007ff87dc0f000 	C:\WINDOWS\SYSTEM32\profapi.dll
0x00007ff86ed70000 - 0x00007ff86ed8a000 	E:\Android Studio\jre\jre\bin\net.dll
0x00007ff87d480000 - 0x00007ff87d4ea000 	C:\WINDOWS\system32\mswsock.dll
0x00007ff86eb20000 - 0x00007ff86eb33000 	E:\Android Studio\jre\jre\bin\nio.dll
0x00007ff866590000 - 0x00007ff8665b7000 	E:\Android Studio\.gradle\native\f6784746aeab05261644944871eae4fe03e0ef1612fff0a4a95f87b438bc6780\windows-amd64\native-platform.dll
0x00007ff879670000 - 0x00007ff87967d000 	E:\Android Studio\jre\jre\bin\management.dll
0x00007ff87d670000 - 0x00007ff87d688000 	C:\WINDOWS\SYSTEM32\CRYPTSP.dll
0x00007ff87cdb0000 - 0x00007ff87cde4000 	C:\WINDOWS\system32\rsaenh.dll
0x00007ff87dcb0000 - 0x00007ff87dcd7000 	C:\WINDOWS\System32\bcrypt.dll
0x00007ff87db70000 - 0x00007ff87db9e000 	C:\WINDOWS\SYSTEM32\USERENV.dll
0x00007ff87e440000 - 0x00007ff87e4c3000 	C:\WINDOWS\System32\bcryptprimitives.dll
0x00007ff87d660000 - 0x00007ff87d66c000 	C:\WINDOWS\SYSTEM32\CRYPTBASE.dll
0x00007ff87d120000 - 0x00007ff87d15b000 	C:\WINDOWS\SYSTEM32\IPHLPAPI.DLL
0x00007ff87f630000 - 0x00007ff87f638000 	C:\WINDOWS\System32\NSI.dll
0x00007ff878820000 - 0x00007ff878837000 	C:\WINDOWS\SYSTEM32\dhcpcsvc6.DLL
0x00007ff878800000 - 0x00007ff87881d000 	C:\WINDOWS\SYSTEM32\dhcpcsvc.DLL
0x00007ff87d160000 - 0x00007ff87d22c000 	C:\WINDOWS\SYSTEM32\DNSAPI.dll
0x00007ff8788c0000 - 0x00007ff8788cb000 	C:\WINDOWS\SYSTEM32\WINNSI.DLL
0x00007ff8285e0000 - 0x00007ff82877c000 	E:\Android Studio\jre\jre\bin\awt.dll
0x00007ff87fc90000 - 0x00007ff87fd5d000 	C:\WINDOWS\System32\OLEAUT32.dll
0x00007ff87ba20000 - 0x00007ff87ba4f000 	C:\WINDOWS\SYSTEM32\dwmapi.dll
0x00007ff87a340000 - 0x00007ff87a900000 	C:\WINDOWS\SYSTEM32\d2d1.dll
0x00007ff87b5b0000 - 0x00007ff87b640000 	C:\WINDOWS\SYSTEM32\apphelp.dll
0x00007ff87b740000 - 0x00007ff87b7de000 	C:\WINDOWS\system32\uxtheme.dll
0x00007ff8778d0000 - 0x00007ff8778ee000 	C:\Users\rochefamily\AppData\Local\Temp\native-platform5390260279392081185dir\native-platform.dll

VM Arguments:
jvm_args: -Xmx1536m -Dfile.encoding=windows-1252 -Duser.country=FR -Duser.language=fr -Duser.variant 
java_command: org.gradle.launcher.daemon.bootstrap.GradleDaemon 6.5
java_class_path (initial): E:\Android Studio\.gradle\wrapper\dists\gradle-6.5-all\2oz4ud9k3tuxjg84bbf55q0tn\gradle-6.5\lib\gradle-launcher-6.5.jar
Launcher Type: SUN_STANDARD

Environment Variables:
PATH=C:\Program Files (x86)\Razer Chroma SDK\bin;C:\Program Files\Razer Chroma SDK\bin;C:\Program Files (x86)\Razer\ChromaBroadcast\bin;C:\Program Files\Razer\ChromaBroadcast\bin;C:\Program Files (x86)\Common Files\Oracle\Java\javapath;E:\JDK\bin;C:\WINDOWS\system32;C:\WINDOWS;C:\WINDOWS\System32\Wbem;C:\WINDOWS\System32\WindowsPowerShell\v1.0\;C:\WINDOWS\System32\OpenSSH\;C:\Program Files (x86)\NVIDIA Corporation\PhysX\Common;C:\Program Files\NVIDIA Corporation\NVIDIA NvDLISR;C:\Program Files\Git\cmd;C:\WINDOWS\system32\config\systemprofile\AppData\Local\Microsoft\WindowsApps;;%SystemRoot%\system32;%SystemRoot%;%SystemRoot%\System32\Wbem;%SYSTEMROOT%\System32\WindowsPowerShell\v1.0\;%SYSTEMROOT%\System32\OpenSSH\;C:\Users\rochefamily\AppData\Local\Microsoft\WindowsApps;C:\Users\rochefamily\AppData\Local\Programs\Microsoft VS Code\bin;C:\Users\rochefamily\AppData\Local\GitHubDesktop\bin;%USERPROFILE%\AppData\Local\Microsoft\WindowsApps;
USERNAME=rochefamily
OS=Windows_NT
PROCESSOR_IDENTIFIER=Intel64 Family 6 Model 165 Stepping 5, GenuineIntel



---------------  S Y S T E M  ---------------

OS: Windows 10.0 , 64 bit Build 19041 (10.0.19041.1023)

CPU:total 16 (initial active 16) (8 cores per cpu, 2 threads per core) family 6 model 165 stepping 5, cmov, cx8, fxsr, mmx, sse, sse2, sse3, ssse3, sse4.1, sse4.2, popcnt, avx, avx2, aes, clmul, erms, 3dnowpref, lzcnt, ht, tsc, tscinvbit, bmi1, bmi2, adx

Memory: 4k page, physical 33471964k(3566452k free), swap 49987288k(5248k free)

vm_info: OpenJDK 64-Bit Server VM (25.242-b01) for windows-amd64 JRE (1.8.0_242-release-1644-b01), built by "builder" with MS VC++ 10.0 (VS2010)

time: Fri Aug 13 15:52:54 2021
timezone: Paris, Madrid (heure dt)
elapsed time: 46 seconds (0d 0h 0m 46s)

