#
# There is insufficient memory for the Java Runtime Environment to continue.
# Native memory allocation (malloc) failed to allocate 1045776 bytes for Chunk::new
# Possible reasons:
#   The system is out of physical RAM or swap space
#   The process is running with CompressedOops enabled, and the Java Heap may be blocking the growth of the native heap
# Possible solutions:
#   Reduce memory load on the system
#   Increase physical memory or swap space
#   Check if swap backing store is full
#   Decrease Java heap size (-Xmx/-Xms)
#   Decrease number of Java threads
#   Decrease Java thread stack sizes (-Xss)
#   Set larger code cache with -XX:ReservedCodeCacheSize=
#   JVM is running with Zero Based Compressed Oops mode in which the Java heap is
#     placed in the first 32GB address space. The Java Heap base address is the
#     maximum limit for the native heap growth. Please use -XX:HeapBaseMinAddress
#     to set the Java Heap base and to place the Java Heap above 32GB virtual address.
# This output file may be truncated or incomplete.
#
#  Out of Memory Error (allocation.cpp:389), pid=34508, tid=0x000000000000262c
#
# JRE version: OpenJDK Runtime Environment (8.0_242-b01) (build 1.8.0_242-release-1644-b01)
# Java VM: OpenJDK 64-Bit Server VM (25.242-b01 mixed mode windows-amd64 compressed oops)
# Failed to write core dump. Minidumps are not enabled by default on client versions of Windows
#

---------------  T H R E A D  ---------------

Current thread (0x0000000027ce4800):  JavaThread "C2 CompilerThread6" daemon [_thread_in_native, id=9772, stack(0x0000000029f50000,0x000000002a050000)]

Stack: [0x0000000029f50000,0x000000002a050000]
[error occurred during error reporting (printing stack bounds), id 0xc0000005]

Native frames: (J=compiled Java code, j=interpreted, Vv=VM code, C=native code)


Current CompileTask:
C2:   4062 9845       4       org.jetbrains.kotlin.com.intellij.psi.stubs.MaterialStubList$1::visitStub (110 bytes)


---------------  P R O C E S S  ---------------

Java Threads: ( => current thread )
  0x0000000027db3000 JavaThread "Service Thread" daemon [_thread_blocked, id=20304, stack(0x000000002a550000,0x000000002a650000)]
  0x0000000027d15000 JavaThread "C1 CompilerThread11" daemon [_thread_blocked, id=14316, stack(0x000000002a450000,0x000000002a550000)]
  0x0000000027d14000 JavaThread "C1 CompilerThread10" daemon [_thread_blocked, id=23864, stack(0x000000002a350000,0x000000002a450000)]
  0x0000000027cfa800 JavaThread "C1 CompilerThread9" daemon [_thread_blocked, id=40580, stack(0x000000002a250000,0x000000002a350000)]
  0x0000000027cf1800 JavaThread "C1 CompilerThread8" daemon [_thread_blocked, id=32704, stack(0x000000002a150000,0x000000002a250000)]
  0x0000000027cea800 JavaThread "C2 CompilerThread7" daemon [_thread_in_native, id=32500, stack(0x000000002a050000,0x000000002a150000)]
=>0x0000000027ce4800 JavaThread "C2 CompilerThread6" daemon [_thread_in_native, id=9772, stack(0x0000000029f50000,0x000000002a050000)]
  0x0000000027cdb000 JavaThread "C2 CompilerThread5" daemon [_thread_in_native, id=52812, stack(0x0000000029e50000,0x0000000029f50000)]
  0x0000000027cd8000 JavaThread "C2 CompilerThread4" daemon [_thread_in_native, id=56452, stack(0x0000000029d50000,0x0000000029e50000)]
  0x0000000027cd7800 JavaThread "C2 CompilerThread3" daemon [_thread_in_native, id=15868, stack(0x0000000029c50000,0x0000000029d50000)]
  0x0000000027cd4800 JavaThread "C2 CompilerThread2" daemon [_thread_blocked, id=56124, stack(0x0000000029b50000,0x0000000029c50000)]
  0x0000000027cd4000 JavaThread "C2 CompilerThread1" daemon [_thread_in_native, id=560, stack(0x0000000029a50000,0x0000000029b50000)]
  0x0000000027cd1000 JavaThread "C2 CompilerThread0" daemon [_thread_in_native, id=62252, stack(0x0000000029950000,0x0000000029a50000)]
  0x0000000027cd0000 JavaThread "Attach Listener" daemon [_thread_blocked, id=53660, stack(0x0000000029850000,0x0000000029950000)]
  0x0000000027ccb800 JavaThread "Signal Dispatcher" daemon [_thread_blocked, id=32076, stack(0x0000000029750000,0x0000000029850000)]
  0x0000000026241800 JavaThread "Finalizer" daemon [_thread_blocked, id=24708, stack(0x0000000029520000,0x0000000029620000)]
  0x0000000026238800 JavaThread "Reference Handler" daemon [_thread_blocked, id=62208, stack(0x0000000029420000,0x0000000029520000)]
  0x0000000002bde000 JavaThread "main" [_thread_in_Java, id=4972, stack(0x0000000002ab0000,0x0000000002bb0000)]

Other Threads:
  0x0000000027c92800 VMThread [stack: 0x0000000029320000,0x0000000029420000] [id=56244]
  0x0000000027db7800 WatcherThread [stack: 0x000000002a650000,0x000000002a750000] [id=56104]

VM state:not at safepoint (normal execution)

VM Mutex/Monitor currently owned by a thread: None

heap address: 0x00000005c1400000, size: 8172 MB, Compressed Oops mode: Zero based, Oop shift amount: 3
Narrow klass base: 0x0000000000000000, Narrow klass shift: 3
Compressed class space size: 1073741824 Address: 0x00000007c0000000

Heap:
 PSYoungGen      total 178176K, used 20806K [0x0000000715c00000, 0x0000000721f00000, 0x00000007c0000000)
  eden space 156672K, 13% used [0x0000000715c00000,0x0000000717051a58,0x000000071f500000)
  from space 21504K, 0% used [0x000000071f500000,0x000000071f500000,0x0000000720a00000)
  to   space 21504K, 0% used [0x0000000720a00000,0x0000000720a00000,0x0000000721f00000)
 ParOldGen       total 251904K, used 59398K [0x00000005c1400000, 0x00000005d0a00000, 0x0000000715c00000)
  object space 251904K, 23% used [0x00000005c1400000,0x00000005c4e01be0,0x00000005d0a00000)
 Metaspace       used 58019K, capacity 59282K, committed 59540K, reserved 1101824K
  class space    used 6755K, capacity 7079K, committed 7168K, reserved 1048576K

Card table byte_map: [0x00000000120a0000,0x00000000130a0000] byte_map_base: 0x000000000f296000

Marking Bits: (ParMarkBitMap*) 0x000000005eedf030
 Begin Bits: [0x0000000014850000, 0x000000001c800000)
 End Bits:   [0x000000001c800000, 0x00000000247b0000)

Polling page: 0x0000000002a40000

CodeCache: size=245760Kb used=41312Kb max_used=41333Kb free=204447Kb
 bounds [0x0000000002ce0000, 0x0000000005560000, 0x0000000011ce0000]
 total_blobs=9385 nmethods=8847 adapters=445
 compilation: enabled

Compilation events (10 events):
Event: 4.044 Thread 0x0000000027d14000 9895       3       org.jetbrains.kotlin.com.intellij.util.containers.JBIterable::lambda$filter$1 (15 bytes)
Event: 4.044 Thread 0x0000000027d15000 9896       3       org.jetbrains.kotlin.com.intellij.util.containers.JBIterator::filter (26 bytes)
Event: 4.044 Thread 0x0000000027cfa800 nmethod 9893 0x00000000054f3690 code [0x00000000054f3800, 0x00000000054f3b08]
Event: 4.044 Thread 0x0000000027cfa800 9897       3       org.jetbrains.kotlin.com.intellij.util.containers.JBIterator$FilterOp::<init> (11 bytes)
Event: 4.044 Thread 0x0000000027cfa800 nmethod 9897 0x00000000054f3110 code [0x00000000054f3280, 0x00000000054f34d0]
Event: 4.044 Thread 0x0000000027d15000 nmethod 9896 0x00000000055002d0 code [0x0000000005500460, 0x0000000005500918]
Event: 4.044 Thread 0x0000000027d14000 nmethod 9895 0x000000000554e210 code [0x000000000554e420, 0x000000000554efd8]
Event: 4.044 Thread 0x0000000027cf1800 nmethod 9894 0x000000000554f450 code [0x000000000554f680, 0x00000000055503d8]
Event: 4.044 Thread 0x0000000027cd1000 9898       4       org.jetbrains.kotlin.load.java.structure.impl.classFiles.BinaryJavaAnnotation$Companion::addAnnotation (74 bytes)
Event: 4.051 Thread 0x0000000027cd1000 nmethod 9898 0x0000000005554150 code [0x0000000005554340, 0x0000000005554ee8]

GC Heap History (10 events):
Event: 1.405 GC heap before
{Heap before GC invocations=4 (full 2):
 PSYoungGen      total 153088K, used 21475K [0x0000000715c00000, 0x0000000723080000, 0x00000007c0000000)
  eden space 131584K, 0% used [0x0000000715c00000,0x0000000715c00000,0x000000071dc80000)
  from space 21504K, 99% used [0x000000071f180000,0x0000000720678ed8,0x0000000720680000)
  to   space 21504K, 0% used [0x000000071dc80000,0x000000071dc80000,0x000000071f180000)
 ParOldGen       total 251904K, used 34162K [0x00000005c1400000, 0x00000005d0a00000, 0x0000000715c00000)
  object space 251904K, 13% used [0x00000005c1400000,0x00000005c355c848,0x00000005d0a00000)
 Metaspace       used 34653K, capacity 35200K, committed 35416K, reserved 1081344K
  class space    used 4324K, capacity 4477K, committed 4480K, reserved 1048576K
Event: 1.456 GC heap after
Heap after GC invocations=4 (full 2):
 PSYoungGen      total 153088K, used 0K [0x0000000715c00000, 0x0000000723080000, 0x00000007c0000000)
  eden space 131584K, 0% used [0x0000000715c00000,0x0000000715c00000,0x000000071dc80000)
  from space 21504K, 0% used [0x000000071f180000,0x000000071f180000,0x0000000720680000)
  to   space 21504K, 0% used [0x000000071dc80000,0x000000071dc80000,0x000000071f180000)
 ParOldGen       total 251904K, used 42449K [0x00000005c1400000, 0x00000005d0a00000, 0x0000000715c00000)
  object space 251904K, 16% used [0x00000005c1400000,0x00000005c3d747f8,0x00000005d0a00000)
 Metaspace       used 34653K, capacity 35200K, committed 35416K, reserved 1081344K
  class space    used 4324K, capacity 4477K, committed 4480K, reserved 1048576K
}
Event: 2.220 GC heap before
{Heap before GC invocations=5 (full 2):
 PSYoungGen      total 153088K, used 131584K [0x0000000715c00000, 0x0000000723080000, 0x00000007c0000000)
  eden space 131584K, 100% used [0x0000000715c00000,0x000000071dc80000,0x000000071dc80000)
  from space 21504K, 0% used [0x000000071f180000,0x000000071f180000,0x0000000720680000)
  to   space 21504K, 0% used [0x000000071dc80000,0x000000071dc80000,0x000000071f180000)
 ParOldGen       total 251904K, used 42449K [0x00000005c1400000, 0x00000005d0a00000, 0x0000000715c00000)
  object space 251904K, 16% used [0x00000005c1400000,0x00000005c3d747f8,0x00000005d0a00000)
 Metaspace       used 47058K, capacity 47902K, committed 48216K, reserved 1091584K
  class space    used 5672K, capacity 5941K, committed 6016K, reserved 1048576K
Event: 2.227 GC heap after
Heap after GC invocations=5 (full 2):
 PSYoungGen      total 153088K, used 21501K [0x0000000715c00000, 0x0000000721f00000, 0x00000007c0000000)
  eden space 131584K, 0% used [0x0000000715c00000,0x0000000715c00000,0x000000071dc80000)
  from space 21504K, 99% used [0x000000071dc80000,0x000000071f17f758,0x000000071f180000)
  to   space 21504K, 0% used [0x0000000720a00000,0x0000000720a00000,0x0000000721f00000)
 ParOldGen       total 251904K, used 45453K [0x00000005c1400000, 0x00000005d0a00000, 0x0000000715c00000)
  object space 251904K, 18% used [0x00000005c1400000,0x00000005c4063560,0x00000005d0a00000)
 Metaspace       used 47058K, capacity 47902K, committed 48216K, reserved 1091584K
  class space    used 5672K, capacity 5941K, committed 6016K, reserved 1048576K
}
Event: 3.438 GC heap before
{Heap before GC invocations=6 (full 2):
 PSYoungGen      total 153088K, used 153085K [0x0000000715c00000, 0x0000000721f00000, 0x00000007c0000000)
  eden space 131584K, 100% used [0x0000000715c00000,0x000000071dc80000,0x000000071dc80000)
  from space 21504K, 99% used [0x000000071dc80000,0x000000071f17f758,0x000000071f180000)
  to   space 21504K, 0% used [0x0000000720a00000,0x0000000720a00000,0x0000000721f00000)
 ParOldGen       total 251904K, used 45453K [0x00000005c1400000, 0x00000005d0a00000, 0x0000000715c00000)
  object space 251904K, 18% used [0x00000005c1400000,0x00000005c4063560,0x00000005d0a00000)
 Metaspace       used 56228K, capacity 57438K, committed 57688K, reserved 1099776K
  class space    used 6642K, capacity 6943K, committed 7040K, reserved 1048576K
Event: 3.452 GC heap after
Heap after GC invocations=6 (full 2):
 PSYoungGen      total 178176K, used 21490K [0x0000000715c00000, 0x0000000721f00000, 0x00000007c0000000)
  eden space 156672K, 0% used [0x0000000715c00000,0x0000000715c00000,0x000000071f500000)
  from space 21504K, 99% used [0x0000000720a00000,0x0000000721efcbc0,0x0000000721f00000)
  to   space 21504K, 0% used [0x000000071f500000,0x000000071f500000,0x0000000720a00000)
 ParOldGen       total 251904K, used 59686K [0x00000005c1400000, 0x00000005d0a00000, 0x0000000715c00000)
  object space 251904K, 23% used [0x00000005c1400000,0x00000005c4e498d8,0x00000005d0a00000)
 Metaspace       used 56228K, capacity 57438K, committed 57688K, reserved 1099776K
  class space    used 6642K, capacity 6943K, committed 7040K, reserved 1048576K
}
Event: 3.743 GC heap before
{Heap before GC invocations=7 (full 2):
 PSYoungGen      total 178176K, used 44631K [0x0000000715c00000, 0x0000000721f00000, 0x00000007c0000000)
  eden space 156672K, 14% used [0x0000000715c00000,0x0000000717299270,0x000000071f500000)
  from space 21504K, 99% used [0x0000000720a00000,0x0000000721efcbc0,0x0000000721f00000)
  to   space 21504K, 0% used [0x000000071f500000,0x000000071f500000,0x0000000720a00000)
 ParOldGen       total 251904K, used 59686K [0x00000005c1400000, 0x00000005d0a00000, 0x0000000715c00000)
  object space 251904K, 23% used [0x00000005c1400000,0x00000005c4e498d8,0x00000005d0a00000)
 Metaspace       used 57608K, capacity 58802K, committed 59028K, reserved 1101824K
  class space    used 6741K, capacity 7047K, committed 7168K, reserved 1048576K
Event: 3.753 GC heap after
Heap after GC invocations=7 (full 2):
 PSYoungGen      total 178176K, used 21494K [0x0000000715c00000, 0x0000000721f00000, 0x00000007c0000000)
  eden space 156672K, 0% used [0x0000000715c00000,0x0000000715c00000,0x000000071f500000)
  from space 21504K, 99% used [0x000000071f500000,0x00000007209fdb78,0x0000000720a00000)
  to   space 21504K, 0% used [0x0000000720a00000,0x0000000720a00000,0x0000000721f00000)
 ParOldGen       total 251904K, used 63385K [0x00000005c1400000, 0x00000005d0a00000, 0x0000000715c00000)
  object space 251904K, 25% used [0x00000005c1400000,0x00000005c51e6690,0x00000005d0a00000)
 Metaspace       used 57608K, capacity 58802K, committed 59028K, reserved 1101824K
  class space    used 6741K, capacity 7047K, committed 7168K, reserved 1048576K
}
Event: 3.753 GC heap before
{Heap before GC invocations=8 (full 3):
 PSYoungGen      total 178176K, used 21494K [0x0000000715c00000, 0x0000000721f00000, 0x00000007c0000000)
  eden space 156672K, 0% used [0x0000000715c00000,0x0000000715c00000,0x000000071f500000)
  from space 21504K, 99% used [0x000000071f500000,0x00000007209fdb78,0x0000000720a00000)
  to   space 21504K, 0% used [0x0000000720a00000,0x0000000720a00000,0x0000000721f00000)
 ParOldGen       total 251904K, used 63385K [0x00000005c1400000, 0x00000005d0a00000, 0x0000000715c00000)
  object space 251904K, 25% used [0x00000005c1400000,0x00000005c51e6690,0x00000005d0a00000)
 Metaspace       used 57608K, capacity 58802K, committed 59028K, reserved 1101824K
  class space    used 6741K, capacity 7047K, committed 7168K, reserved 1048576K
Event: 3.869 GC heap after
Heap after GC invocations=8 (full 3):
 PSYoungGen      total 178176K, used 0K [0x0000000715c00000, 0x0000000721f00000, 0x00000007c0000000)
  eden space 156672K, 0% used [0x0000000715c00000,0x0000000715c00000,0x000000071f500000)
  from space 21504K, 0% used [0x000000071f500000,0x000000071f500000,0x0000000720a00000)
  to   space 21504K, 0% used [0x0000000720a00000,0x0000000720a00000,0x0000000721f00000)
 ParOldGen       total 251904K, used 59398K [0x00000005c1400000, 0x00000005d0a00000, 0x0000000715c00000)
  object space 251904K, 23% used [0x00000005c1400000,0x00000005c4e01be0,0x00000005d0a00000)
 Metaspace       used 57608K, capacity 58802K, committed 59028K, reserved 1101824K
  class space    used 6741K, capacity 7047K, committed 7168K, reserved 1048576K
}

Deoptimization events (10 events):
Event: 3.896 Thread 0x0000000002bde000 Uncommon trap: reason=speculate_class_check action=maybe_recompile pc=0x00000000052ec020 method=org.jetbrains.kotlin.types.KotlinTypeKt.isError(Lorg/jetbrains/kotlin/types/KotlinType;)Z @ 23
Event: 3.896 Thread 0x0000000002bde000 Uncommon trap: reason=speculate_class_check action=maybe_recompile pc=0x00000000052ec020 method=org.jetbrains.kotlin.types.KotlinTypeKt.isError(Lorg/jetbrains/kotlin/types/KotlinType;)Z @ 23
Event: 3.951 Thread 0x0000000002bde000 Uncommon trap: reason=speculate_class_check action=maybe_recompile pc=0x000000000531185c method=org.jetbrains.kotlin.types.SpecialTypesKt.isDefinitelyNotNullType(Lorg/jetbrains/kotlin/types/KotlinType;)Z @ 10
Event: 3.952 Thread 0x0000000002bde000 Uncommon trap: reason=speculate_class_check action=maybe_recompile pc=0x000000000531185c method=org.jetbrains.kotlin.types.SpecialTypesKt.isDefinitelyNotNullType(Lorg/jetbrains/kotlin/types/KotlinType;)Z @ 10
Event: 3.952 Thread 0x0000000002bde000 Uncommon trap: reason=speculate_class_check action=maybe_recompile pc=0x000000000531185c method=org.jetbrains.kotlin.types.SpecialTypesKt.isDefinitelyNotNullType(Lorg/jetbrains/kotlin/types/KotlinType;)Z @ 10
Event: 3.952 Thread 0x0000000002bde000 Uncommon trap: reason=speculate_class_check action=maybe_recompile pc=0x000000000531185c method=org.jetbrains.kotlin.types.SpecialTypesKt.isDefinitelyNotNullType(Lorg/jetbrains/kotlin/types/KotlinType;)Z @ 10
Event: 3.956 Thread 0x0000000002bde000 Uncommon trap: reason=unstable_if action=reinterpret pc=0x0000000005307390 method=org.jetbrains.kotlin.psi.KtPsiUtil.deparenthesizeOnce(Lorg/jetbrains/kotlin/psi/KtExpression;Z)Lorg/jetbrains/kotlin/psi/KtExpression; @ 55
Event: 3.958 Thread 0x0000000002bde000 Uncommon trap: reason=unstable_if action=reinterpret pc=0x0000000005462d90 method=org.jetbrains.kotlin.psi.KtPsiUtil.deparenthesizeOnce(Lorg/jetbrains/kotlin/psi/KtExpression;Z)Lorg/jetbrains/kotlin/psi/KtExpression; @ 55
Event: 4.000 Thread 0x0000000002bde000 Uncommon trap: reason=class_check action=maybe_recompile pc=0x000000000535ae24 method=org.jetbrains.kotlin.resolve.calls.inference.components.NewTypeSubstitutor$DefaultImpls.substitute(Lorg/jetbrains/kotlin/resolve/calls/inference/components/NewTypeSubsti
Event: 4.000 Thread 0x0000000002bde000 Uncommon trap: reason=class_check action=maybe_recompile pc=0x000000000535ae24 method=org.jetbrains.kotlin.resolve.calls.inference.components.NewTypeSubstitutor$DefaultImpls.substitute(Lorg/jetbrains/kotlin/resolve/calls/inference/components/NewTypeSubsti

Classes redefined (0 events):
No events

Internal exceptions (10 events):
Event: 3.044 Thread 0x0000000002bde000 Exception <a 'java/lang/NoSuchMethodError': java.lang.Object.lambda$static$0(I)[Lorg/jetbrains/kotlin/com/intellij/psi/PsiParameter;> (0x000000071bfa29b8) thrown at [C:\src\AOSP-openjdk-git\hotspot\src\share\vm\interpreter\linkResolver.cpp, line 620]
Event: 3.062 Thread 0x0000000002bde000 Exception <a 'java/lang/NoSuchMethodError': java.lang.Object.lambda$static$0(I)[Lorg/jetbrains/kotlin/com/intellij/psi/PsiNameValuePair;> (0x000000071c0f2848) thrown at [C:\src\AOSP-openjdk-git\hotspot\src\share\vm\interpreter\linkResolver.cpp, line 620]
Event: 3.063 Thread 0x0000000002bde000 Exception <a 'java/lang/NoSuchMethodError': java.lang.Object.lambda$static$0(I)[Lorg/jetbrains/kotlin/com/intellij/psi/PsiAnnotationMemberValue;> (0x000000071c10e9b0) thrown at [C:\src\AOSP-openjdk-git\hotspot\src\share\vm\interpreter\linkResolver.cpp, li
Event: 3.068 Thread 0x0000000002bde000 Exception <a 'java/lang/IncompatibleClassChangeError': Found class java.lang.Object, but interface was expected> (0x000000071c1453c8) thrown at [C:\src\AOSP-openjdk-git\hotspot\src\share\vm\interpreter\linkResolver.cpp, line 653]
Event: 3.141 Thread 0x0000000002bde000 Implicit null exception at 0x00000000044cf89e to 0x00000000044d02f1
Event: 3.148 Thread 0x0000000002bde000 Exception <a 'java/lang/IncompatibleClassChangeError': Found class java.lang.Object, but interface was expected> (0x000000071c798860) thrown at [C:\src\AOSP-openjdk-git\hotspot\src\share\vm\interpreter\linkResolver.cpp, line 653]
Event: 3.151 Thread 0x0000000002bde000 Implicit null exception at 0x000000000315f059 to 0x000000000315f415
Event: 3.169 Thread 0x0000000002bde000 Implicit null exception at 0x0000000003091516 to 0x00000000030918b9
Event: 3.536 Thread 0x0000000002bde000 Implicit null exception at 0x0000000004cfd58f to 0x0000000004cfda61
Event: 3.732 Thread 0x0000000002bde000 Implicit null exception at 0x0000000004f2f02c to 0x0000000004f2f281

Events (10 events):
Event: 3.998 loading class org/jetbrains/kotlin/load/java/lazy/types/JavaTypeResolver$computeArguments$1$erasedUpperBound$1
Event: 3.998 loading class org/jetbrains/kotlin/load/java/lazy/types/JavaTypeResolver$computeArguments$1$erasedUpperBound$1 done
Event: 3.998 loading class org/jetbrains/kotlin/load/java/lazy/types/JavaTypeResolver$computeArguments$1$erasedUpperBound$1$1
Event: 3.998 loading class org/jetbrains/kotlin/load/java/lazy/types/JavaTypeResolver$computeArguments$1$erasedUpperBound$1$1 done
Event: 4.000 Thread 0x0000000002bde000 Uncommon trap: trap_request=0xffffffde fr.pc=0x000000000535ae24
Event: 4.000 Thread 0x0000000002bde000 DEOPT PACKING pc=0x000000000535ae24 sp=0x0000000002ba8500
Event: 4.000 Thread 0x0000000002bde000 DEOPT UNPACKING pc=0x0000000002d2557b sp=0x0000000002ba8478 mode 2
Event: 4.000 Thread 0x0000000002bde000 Uncommon trap: trap_request=0xffffffde fr.pc=0x000000000535ae24
Event: 4.000 Thread 0x0000000002bde000 DEOPT PACKING pc=0x000000000535ae24 sp=0x0000000002ba8330
Event: 4.000 Thread 0x0000000002bde000 DEOPT UNPACKING pc=0x0000000002d2557b sp=0x0000000002ba82a8 mode 2


Dynamic libraries:
0x00007ff793f80000 - 0x00007ff793fb1000 	E:\Android Studio\jre\jre\bin\java.exe
0x00007ff880570000 - 0x00007ff880765000 	C:\WINDOWS\SYSTEM32\ntdll.dll
0x00007ff87f100000 - 0x00007ff87f1bd000 	C:\WINDOWS\System32\KERNEL32.DLL
0x00007ff87dce0000 - 0x00007ff87dfa9000 	C:\WINDOWS\System32\KERNELBASE.dll
0x00007ff87e5e0000 - 0x00007ff87e68c000 	C:\WINDOWS\System32\ADVAPI32.dll
0x00007ff87eeb0000 - 0x00007ff87ef4e000 	C:\WINDOWS\System32\msvcrt.dll
0x00007ff87f590000 - 0x00007ff87f62b000 	C:\WINDOWS\System32\sechost.dll
0x00007ff87f6f0000 - 0x00007ff87f81a000 	C:\WINDOWS\System32\RPCRT4.dll
0x00007ff880390000 - 0x00007ff880530000 	C:\WINDOWS\System32\USER32.dll
0x00007ff87dfb0000 - 0x00007ff87dfd2000 	C:\WINDOWS\System32\win32u.dll
0x00007ff880360000 - 0x00007ff88038a000 	C:\WINDOWS\System32\GDI32.dll
0x00007ff87e290000 - 0x00007ff87e39b000 	C:\WINDOWS\System32\gdi32full.dll
0x00007ff87e3a0000 - 0x00007ff87e43d000 	C:\WINDOWS\System32\msvcp_win.dll
0x00007ff87e030000 - 0x00007ff87e130000 	C:\WINDOWS\System32\ucrtbase.dll
0x00007ff869040000 - 0x00007ff8692da000 	C:\WINDOWS\WinSxS\amd64_microsoft.windows.common-controls_6595b64144ccf1df_6.0.19041.1110_none_60b5254171f9507e\COMCTL32.dll
0x00007ff87ef50000 - 0x00007ff87ef80000 	C:\WINDOWS\System32\IMM32.DLL
0x000000005f1f0000 - 0x000000005f2c2000 	E:\Android Studio\jre\jre\bin\msvcr100.dll
0x000000005e710000 - 0x000000005ef5b000 	E:\Android Studio\jre\jre\bin\server\jvm.dll
0x00007ff87f090000 - 0x00007ff87f098000 	C:\WINDOWS\System32\PSAPI.DLL
0x00007ff86a700000 - 0x00007ff86a709000 	C:\WINDOWS\SYSTEM32\WSOCK32.dll
0x00007ff86eed0000 - 0x00007ff86eef7000 	C:\WINDOWS\SYSTEM32\WINMM.dll
0x00007ff878fe0000 - 0x00007ff878fea000 	C:\WINDOWS\SYSTEM32\VERSION.dll
0x00007ff87f4a0000 - 0x00007ff87f50b000 	C:\WINDOWS\System32\WS2_32.dll
0x00007ff879980000 - 0x00007ff87998f000 	E:\Android Studio\jre\jre\bin\verify.dll
0x00007ff86ac50000 - 0x00007ff86ac79000 	E:\Android Studio\jre\jre\bin\java.dll
0x00007ff878b60000 - 0x00007ff878b76000 	E:\Android Studio\jre\jre\bin\zip.dll
0x00007ff87e770000 - 0x00007ff87eeaf000 	C:\WINDOWS\System32\SHELL32.dll
0x00007ff87be00000 - 0x00007ff87c591000 	C:\WINDOWS\SYSTEM32\windows.storage.dll
0x00007ff87fd60000 - 0x00007ff8800b5000 	C:\WINDOWS\System32\combase.dll
0x00007ff87d720000 - 0x00007ff87d74c000 	C:\WINDOWS\SYSTEM32\Wldp.dll
0x00007ff87ef80000 - 0x00007ff87f02e000 	C:\WINDOWS\System32\SHCORE.dll
0x00007ff87f0a0000 - 0x00007ff87f0f5000 	C:\WINDOWS\System32\shlwapi.dll
0x00007ff87dbf0000 - 0x00007ff87dc0f000 	C:\WINDOWS\SYSTEM32\profapi.dll
0x00007ff86ed70000 - 0x00007ff86ed8a000 	E:\Android Studio\jre\jre\bin\net.dll
0x00007ff87d480000 - 0x00007ff87d4ea000 	C:\WINDOWS\system32\mswsock.dll
0x00007ff86eb20000 - 0x00007ff86eb33000 	E:\Android Studio\jre\jre\bin\nio.dll

VM Arguments:
java_command: org.jetbrains.kotlin.cli.jvm.K2JVMCompiler @E:\Openclassrooms\RealEstateManager\RealEstateManager\app\build\20210813_416213544251893952.compiler.options
java_class_path (initial): E:\Android Studio\.gradle\caches\modules-2\files-2.1\org.jetbrains.kotlin\kotlin-compiler-embeddable\1.5.30-M1\e91f1111f78308f4cf1e7184a09f5e5b7b1e0b6e\kotlin-compiler-embeddable-1.5.30-M1.jar;E:\Android Studio\.gradle\caches\modules-2\files-2.1\org.jetbrains.kotlin\kotlin-reflect\1.5.30-M1\26e6422bcc08ce5dee39f3d0c0d60e48b112eee7\kotlin-reflect-1.5.30-M1.jar;E:\Android Studio\.gradle\caches\modules-2\files-2.1\org.jetbrains.kotlin\kotlin-stdlib\1.5.30-M1\73cc97c96c3aade3d1ce83d559c9005e5bfbb227\kotlin-stdlib-1.5.30-M1.jar;E:\Android Studio\.gradle\caches\modules-2\files-2.1\org.jetbrains.kotlin\kotlin-script-runtime\1.5.30-M1\1bd666c35af4a4a6211d5a2f6cfcfc3261cf93df\kotlin-script-runtime-1.5.30-M1.jar;E:\Android Studio\.gradle\caches\modules-2\files-2.1\org.jetbrains.kotlin\kotlin-daemon-embeddable\1.5.30-M1\6671268d2043aeb039f0f93c73e36efc6de0a24c\kotlin-daemon-embeddable-1.5.30-M1.jar;E:\Android Studio\.gradle\caches\modules-2\files-2.1\org.jetbrains.intellij.deps\trove4j\1.0.20181211\216c2e14b070f334479d800987affe4054cd563f\trove4j-1.0.20181211.jar;E:\Android Studio\.gradle\caches\modules-2\files-2.1\org.jetbrains\annotations\13.0\919f0dfe192fb4e063e7dacadee7f8bb9a2672a9\annotations-13.0.jar;E:\Android Studio\.gradle\caches\modules-2\files-2.1\org.jetbrains.kotlin\kotlin-stdlib-common\1.5.30-M1\ba880ebbd0bb083b5af650133163cebcb8d19120\kotlin-stdlib-common-1.5.30-M1.jar;E:\Android Studio\jre\lib\tools.jar
Launcher Type: SUN_STANDARD

Environment Variables:
PATH=C:\Program Files (x86)\Razer Chroma SDK\bin;C:\Program Files\Razer Chroma SDK\bin;C:\Program Files (x86)\Razer\ChromaBroadcast\bin;C:\Program Files\Razer\ChromaBroadcast\bin;C:\Program Files (x86)\Common Files\Oracle\Java\javapath;E:\JDK\bin;C:\WINDOWS\system32;C:\WINDOWS;C:\WINDOWS\System32\Wbem;C:\WINDOWS\System32\WindowsPowerShell\v1.0\;C:\WINDOWS\System32\OpenSSH\;C:\Program Files (x86)\NVIDIA Corporation\PhysX\Common;C:\Program Files\NVIDIA Corporation\NVIDIA NvDLISR;C:\Program Files\Git\cmd;C:\WINDOWS\system32\config\systemprofile\AppData\Local\Microsoft\WindowsApps;;%SystemRoot%\system32;%SystemRoot%;%SystemRoot%\System32\Wbem;%SYSTEMROOT%\System32\WindowsPowerShell\v1.0\;%SYSTEMROOT%\System32\OpenSSH\;C:\Users\rochefamily\AppData\Local\Microsoft\WindowsApps;C:\Users\rochefamily\AppData\Local\Programs\Microsoft VS Code\bin;C:\Users\rochefamily\AppData\Local\GitHubDesktop\bin;%USERPROFILE%\AppData\Local\Microsoft\WindowsApps;
USERNAME=rochefamily
OS=Windows_NT
PROCESSOR_IDENTIFIER=Intel64 Family 6 Model 165 Stepping 5, GenuineIntel



---------------  S Y S T E M  ---------------

OS: Windows 10.0 , 64 bit Build 19041 (10.0.19041.1023)

CPU:total 16 (initial active 16) (8 cores per cpu, 2 threads per core) family 6 model 165 stepping 5, cmov, cx8, fxsr, mmx, sse, sse2, sse3, ssse3, sse4.1, sse4.2, popcnt, avx, avx2, aes, clmul, erms, 3dnowpref, lzcnt, ht, tsc, tscinvbit, bmi1, bmi2, adx

Memory: 4k page, physical 33471964k(3674996k free), swap 49987288k(6128k free)

vm_info: OpenJDK 64-Bit Server VM (25.242-b01) for windows-amd64 JRE (1.8.0_242-release-1644-b01), built by "builder" with MS VC++ 10.0 (VS2010)

time: Fri Aug 13 15:54:48 2021
timezone: Paris, Madrid (heure d’été)
elapsed time: 4 seconds (0d 0h 0m 4s)

