#
# There is insufficient memory for the Java Runtime Environment to continue.
# Native memory allocation (malloc) failed to allocate 1658416 bytes for Chunk::new
# Possible reasons:
#   The system is out of physical RAM or swap space
#   The process is running with CompressedOops enabled, and the Java Heap may be blocking the growth of the native heap
# Possible solutions:
#   Reduce memory load on the system
#   Increase physical memory or swap space
#   Check if swap backing store is full
#   Decrease Java heap size (-Xmx/-Xms)
#   Decrease number of Java threads
#   Decrease Java thread stack sizes (-Xss)
#   Set larger code cache with -XX:ReservedCodeCacheSize=
#   JVM is running with Zero Based Compressed Oops mode in which the Java heap is
#     placed in the first 32GB address space. The Java Heap base address is the
#     maximum limit for the native heap growth. Please use -XX:HeapBaseMinAddress
#     to set the Java Heap base and to place the Java Heap above 32GB virtual address.
# This output file may be truncated or incomplete.
#
#  Out of Memory Error (allocation.cpp:389), pid=49164, tid=0x0000000000006e9c
#
# JRE version: OpenJDK Runtime Environment (8.0_242-b01) (build 1.8.0_242-release-1644-b01)
# Java VM: OpenJDK 64-Bit Server VM (25.242-b01 mixed mode windows-amd64 compressed oops)
# Failed to write core dump. Minidumps are not enabled by default on client versions of Windows
#

---------------  T H R E A D  ---------------

Current thread (0x0000000027dd4800):  JavaThread "C2 CompilerThread2" daemon [_thread_in_native, id=28316, stack(0x0000000029c60000,0x0000000029d60000)]

Stack: [0x0000000029c60000,0x0000000029d60000]
[error occurred during error reporting (printing stack bounds), id 0xc0000005]

Native frames: (J=compiled Java code, j=interpreted, Vv=VM code, C=native code)


Current CompileTask:
C2:   3155 7375       4       org.jetbrains.kotlin.types.TypeSubstitutor::substitute (55 bytes)


---------------  P R O C E S S  ---------------

Java Threads: ( => current thread )
  0x0000000027eac800 JavaThread "Service Thread" daemon [_thread_blocked, id=56828, stack(0x000000002a660000,0x000000002a760000)]
  0x0000000027e1d800 JavaThread "C1 CompilerThread11" daemon [_thread_blocked, id=44504, stack(0x000000002a560000,0x000000002a660000)]
  0x0000000027e13000 JavaThread "C1 CompilerThread10" daemon [_thread_blocked, id=2076, stack(0x000000002a460000,0x000000002a560000)]
  0x0000000027df1800 JavaThread "C1 CompilerThread9" daemon [_thread_blocked, id=63500, stack(0x000000002a360000,0x000000002a460000)]
  0x0000000027de7800 JavaThread "C1 CompilerThread8" daemon [_thread_blocked, id=47544, stack(0x000000002a260000,0x000000002a360000)]
  0x0000000027de0800 JavaThread "C2 CompilerThread7" daemon [_thread_blocked, id=30744, stack(0x000000002a160000,0x000000002a260000)]
  0x0000000027ddb800 JavaThread "C2 CompilerThread6" daemon [_thread_in_native, id=54900, stack(0x000000002a060000,0x000000002a160000)]
  0x0000000027ddb000 JavaThread "C2 CompilerThread5" daemon [_thread_blocked, id=62592, stack(0x0000000029f60000,0x000000002a060000)]
  0x0000000027dd8000 JavaThread "C2 CompilerThread4" daemon [_thread_blocked, id=48008, stack(0x0000000029e60000,0x0000000029f60000)]
  0x0000000027dd7800 JavaThread "C2 CompilerThread3" daemon [_thread_blocked, id=18696, stack(0x0000000029d60000,0x0000000029e60000)]
=>0x0000000027dd4800 JavaThread "C2 CompilerThread2" daemon [_thread_in_native, id=28316, stack(0x0000000029c60000,0x0000000029d60000)]
  0x0000000027dd4000 JavaThread "C2 CompilerThread1" daemon [_thread_blocked, id=36324, stack(0x0000000029b60000,0x0000000029c60000)]
  0x0000000027dd1000 JavaThread "C2 CompilerThread0" daemon [_thread_blocked, id=18716, stack(0x0000000029a60000,0x0000000029b60000)]
  0x0000000027dd0000 JavaThread "Attach Listener" daemon [_thread_blocked, id=61152, stack(0x0000000029960000,0x0000000029a60000)]
  0x0000000027dcb800 JavaThread "Signal Dispatcher" daemon [_thread_blocked, id=56960, stack(0x0000000029860000,0x0000000029960000)]
  0x0000000026351800 JavaThread "Finalizer" daemon [_thread_blocked, id=43880, stack(0x0000000029630000,0x0000000029730000)]
  0x0000000026348800 JavaThread "Reference Handler" daemon [_thread_blocked, id=41180, stack(0x0000000029530000,0x0000000029630000)]
  0x0000000002d8e000 JavaThread "main" [_thread_in_Java, id=41704, stack(0x0000000002c00000,0x0000000002d00000)]

Other Threads:
  0x0000000027d92800 VMThread [stack: 0x0000000029430000,0x0000000029530000] [id=48760]
  0x0000000027eb1800 WatcherThread [stack: 0x000000002a760000,0x000000002a860000] [id=35548]

VM state:not at safepoint (normal execution)

VM Mutex/Monitor currently owned by a thread: None

heap address: 0x00000005c1400000, size: 8172 MB, Compressed Oops mode: Zero based, Oop shift amount: 3
Narrow klass base: 0x0000000000000000, Narrow klass shift: 3
Compressed class space size: 1073741824 Address: 0x00000007c0000000

Heap:
 PSYoungGen      total 231936K, used 95214K [0x0000000715c00000, 0x0000000727280000, 0x00000007c0000000)
  eden space 210432K, 35% used [0x0000000715c00000,0x000000071a403948,0x0000000722980000)
  from space 21504K, 99% used [0x0000000725d00000,0x00000007271f8138,0x0000000727200000)
  to   space 512K, 0% used [0x0000000727200000,0x0000000727200000,0x0000000727280000)
 ParOldGen       total 252416K, used 54301K [0x00000005c1400000, 0x00000005d0a80000, 0x0000000715c00000)
  object space 252416K, 21% used [0x00000005c1400000,0x00000005c4907698,0x00000005d0a80000)
 Metaspace       used 54781K, capacity 55980K, committed 56024K, reserved 1097728K
  class space    used 6557K, capacity 6870K, committed 6912K, reserved 1048576K

Card table byte_map: [0x0000000012250000,0x0000000013250000] byte_map_base: 0x000000000f446000

Marking Bits: (ParMarkBitMap*) 0x000000005eedf030
 Begin Bits: [0x0000000014a00000, 0x000000001c9b0000)
 End Bits:   [0x000000001c9b0000, 0x0000000024960000)

Polling page: 0x0000000000d40000

CodeCache: size=245760Kb used=30695Kb max_used=30695Kb free=215064Kb
 bounds [0x0000000002e90000, 0x0000000004cb0000, 0x0000000011e90000]
 total_blobs=7830 nmethods=7294 adapters=444
 compilation: enabled

Compilation events (10 events):
Event: 3.152 Thread 0x0000000027e13000 8012       1       org.jetbrains.kotlin.descriptors.impl.VariableDescriptorImpl::getExtensionReceiverParameter (2 bytes)
Event: 3.152 Thread 0x0000000027e13000 nmethod 8012 0x0000000004c9db10 code [0x0000000004c9dc60, 0x0000000004c9dd70]
Event: 3.152 Thread 0x0000000027e13000 8013       3       org.jetbrains.kotlin.com.intellij.util.ArrayUtil::insert (52 bytes)
Event: 3.152 Thread 0x0000000027e1d800 8014       3       org.jetbrains.kotlin.com.intellij.util.ArrayUtil::insert (57 bytes)
Event: 3.152 Thread 0x0000000027de7800 8015       3       org.jetbrains.kotlin.types.expressions.DataFlowAnalyzer::checkType (150 bytes)
Event: 3.152 Thread 0x0000000027e13000 nmethod 8013 0x0000000004c9ddd0 code [0x0000000004c9df60, 0x0000000004c9e368]
Event: 3.152 Thread 0x0000000027df1800 8016       3       org.jetbrains.kotlin.com.intellij.psi.impl.source.tree.CompositeElement::findChildByRoleAsPsiElement (17 bytes)
Event: 3.152 Thread 0x0000000027e1d800 nmethod 8014 0x0000000004c9e4d0 code [0x0000000004c9e700, 0x0000000004c9f338]
Event: 3.152 Thread 0x0000000027df1800 nmethod 8016 0x0000000004c9f790 code [0x0000000004c9f920, 0x0000000004c9fcf8]
Event: 3.153 Thread 0x0000000027de7800 nmethod 8015 0x0000000004c9fe10 code [0x0000000004ca00a0, 0x0000000004ca12f8]

GC Heap History (10 events):
Event: 0.715 GC heap before
{Heap before GC invocations=1 (full 0):
 PSYoungGen      total 153088K, used 100158K [0x0000000715c00000, 0x0000000720680000, 0x00000007c0000000)
  eden space 131584K, 76% used [0x0000000715c00000,0x000000071bdcf850,0x000000071dc80000)
  from space 21504K, 0% used [0x000000071f180000,0x000000071f180000,0x0000000720680000)
  to   space 21504K, 0% used [0x000000071dc80000,0x000000071dc80000,0x000000071f180000)
 ParOldGen       total 349696K, used 0K [0x00000005c1400000, 0x00000005d6980000, 0x0000000715c00000)
  object space 349696K, 0% used [0x00000005c1400000,0x00000005c1400000,0x00000005d6980000)
 Metaspace       used 20702K, capacity 21046K, committed 21248K, reserved 1069056K
  class space    used 2340K, capacity 2444K, committed 2560K, reserved 1048576K
Event: 0.724 GC heap after
Heap after GC invocations=1 (full 0):
 PSYoungGen      total 153088K, used 21488K [0x0000000715c00000, 0x0000000728700000, 0x00000007c0000000)
  eden space 131584K, 0% used [0x0000000715c00000,0x0000000715c00000,0x000000071dc80000)
  from space 21504K, 99% used [0x000000071dc80000,0x000000071f17c208,0x000000071f180000)
  to   space 21504K, 0% used [0x0000000727200000,0x0000000727200000,0x0000000728700000)
 ParOldGen       total 349696K, used 4589K [0x00000005c1400000, 0x00000005d6980000, 0x0000000715c00000)
  object space 349696K, 1% used [0x00000005c1400000,0x00000005c187b6e8,0x00000005d6980000)
 Metaspace       used 20702K, capacity 21046K, committed 21248K, reserved 1069056K
  class space    used 2340K, capacity 2444K, committed 2560K, reserved 1048576K
}
Event: 0.724 GC heap before
{Heap before GC invocations=2 (full 1):
 PSYoungGen      total 153088K, used 21488K [0x0000000715c00000, 0x0000000728700000, 0x00000007c0000000)
  eden space 131584K, 0% used [0x0000000715c00000,0x0000000715c00000,0x000000071dc80000)
  from space 21504K, 99% used [0x000000071dc80000,0x000000071f17c208,0x000000071f180000)
  to   space 21504K, 0% used [0x0000000727200000,0x0000000727200000,0x0000000728700000)
 ParOldGen       total 349696K, used 4589K [0x00000005c1400000, 0x00000005d6980000, 0x0000000715c00000)
  object space 349696K, 1% used [0x00000005c1400000,0x00000005c187b6e8,0x00000005d6980000)
 Metaspace       used 20702K, capacity 21046K, committed 21248K, reserved 1069056K
  class space    used 2340K, capacity 2444K, committed 2560K, reserved 1048576K
Event: 0.746 GC heap after
Heap after GC invocations=2 (full 1):
 PSYoungGen      total 153088K, used 0K [0x0000000715c00000, 0x0000000728700000, 0x00000007c0000000)
  eden space 131584K, 0% used [0x0000000715c00000,0x0000000715c00000,0x000000071dc80000)
  from space 21504K, 0% used [0x000000071dc80000,0x000000071dc80000,0x000000071f180000)
  to   space 21504K, 0% used [0x0000000727200000,0x0000000727200000,0x0000000728700000)
 ParOldGen       total 252416K, used 25134K [0x00000005c1400000, 0x00000005d0a80000, 0x0000000715c00000)
  object space 252416K, 9% used [0x00000005c1400000,0x00000005c2c8bbb0,0x00000005d0a80000)
 Metaspace       used 20702K, capacity 21046K, committed 21248K, reserved 1069056K
  class space    used 2340K, capacity 2444K, committed 2560K, reserved 1048576K
}
Event: 1.398 GC heap before
{Heap before GC invocations=3 (full 1):
 PSYoungGen      total 153088K, used 114289K [0x0000000715c00000, 0x0000000728700000, 0x00000007c0000000)
  eden space 131584K, 86% used [0x0000000715c00000,0x000000071cb9c5d0,0x000000071dc80000)
  from space 21504K, 0% used [0x000000071dc80000,0x000000071dc80000,0x000000071f180000)
  to   space 21504K, 0% used [0x0000000727200000,0x0000000727200000,0x0000000728700000)
 ParOldGen       total 252416K, used 25134K [0x00000005c1400000, 0x00000005d0a80000, 0x0000000715c00000)
  object space 252416K, 9% used [0x00000005c1400000,0x00000005c2c8bbb0,0x00000005d0a80000)
 Metaspace       used 34666K, capacity 35200K, committed 35416K, reserved 1081344K
  class space    used 4324K, capacity 4477K, committed 4480K, reserved 1048576K
Event: 1.407 GC heap after
Heap after GC invocations=3 (full 1):
 PSYoungGen      total 195072K, used 21481K [0x0000000715c00000, 0x0000000728700000, 0x00000007c0000000)
  eden space 173568K, 0% used [0x0000000715c00000,0x0000000715c00000,0x0000000720580000)
  from space 21504K, 99% used [0x0000000727200000,0x00000007286fa7f0,0x0000000728700000)
  to   space 21504K, 0% used [0x0000000725d00000,0x0000000725d00000,0x0000000727200000)
 ParOldGen       total 252416K, used 34193K [0x00000005c1400000, 0x00000005d0a80000, 0x0000000715c00000)
  object space 252416K, 13% used [0x00000005c1400000,0x00000005c35644e8,0x00000005d0a80000)
 Metaspace       used 34666K, capacity 35200K, committed 35416K, reserved 1081344K
  class space    used 4324K, capacity 4477K, committed 4480K, reserved 1048576K
}
Event: 1.407 GC heap before
{Heap before GC invocations=4 (full 2):
 PSYoungGen      total 195072K, used 21481K [0x0000000715c00000, 0x0000000728700000, 0x00000007c0000000)
  eden space 173568K, 0% used [0x0000000715c00000,0x0000000715c00000,0x0000000720580000)
  from space 21504K, 99% used [0x0000000727200000,0x00000007286fa7f0,0x0000000728700000)
  to   space 21504K, 0% used [0x0000000725d00000,0x0000000725d00000,0x0000000727200000)
 ParOldGen       total 252416K, used 34193K [0x00000005c1400000, 0x00000005d0a80000, 0x0000000715c00000)
  object space 252416K, 13% used [0x00000005c1400000,0x00000005c35644e8,0x00000005d0a80000)
 Metaspace       used 34666K, capacity 35200K, committed 35416K, reserved 1081344K
  class space    used 4324K, capacity 4477K, committed 4480K, reserved 1048576K
Event: 1.450 GC heap after
Heap after GC invocations=4 (full 2):
 PSYoungGen      total 195072K, used 0K [0x0000000715c00000, 0x0000000728700000, 0x00000007c0000000)
  eden space 173568K, 0% used [0x0000000715c00000,0x0000000715c00000,0x0000000720580000)
  from space 21504K, 0% used [0x0000000727200000,0x0000000727200000,0x0000000728700000)
  to   space 21504K, 0% used [0x0000000725d00000,0x0000000725d00000,0x0000000727200000)
 ParOldGen       total 252416K, used 42381K [0x00000005c1400000, 0x00000005d0a80000, 0x0000000715c00000)
  object space 252416K, 16% used [0x00000005c1400000,0x00000005c3d63488,0x00000005d0a80000)
 Metaspace       used 34666K, capacity 35200K, committed 35416K, reserved 1081344K
  class space    used 4324K, capacity 4477K, committed 4480K, reserved 1048576K
}
Event: 2.561 GC heap before
{Heap before GC invocations=5 (full 2):
 PSYoungGen      total 195072K, used 173568K [0x0000000715c00000, 0x0000000728700000, 0x00000007c0000000)
  eden space 173568K, 100% used [0x0000000715c00000,0x0000000720580000,0x0000000720580000)
  from space 21504K, 0% used [0x0000000727200000,0x0000000727200000,0x0000000728700000)
  to   space 21504K, 0% used [0x0000000725d00000,0x0000000725d00000,0x0000000727200000)
 ParOldGen       total 252416K, used 42381K [0x00000005c1400000, 0x00000005d0a80000, 0x0000000715c00000)
  object space 252416K, 16% used [0x00000005c1400000,0x00000005c3d63488,0x00000005d0a80000)
 Metaspace       used 49223K, capacity 50148K, committed 50648K, reserved 1093632K
  class space    used 5782K, capacity 6052K, committed 6144K, reserved 1048576K
Event: 2.573 GC heap after
Heap after GC invocations=5 (full 2):
 PSYoungGen      total 231936K, used 21472K [0x0000000715c00000, 0x0000000727280000, 0x00000007c0000000)
  eden space 210432K, 0% used [0x0000000715c00000,0x0000000715c00000,0x0000000722980000)
  from space 21504K, 99% used [0x0000000725d00000,0x00000007271f8138,0x0000000727200000)
  to   space 512K, 0% used [0x0000000727200000,0x0000000727200000,0x0000000727280000)
 ParOldGen       total 252416K, used 54301K [0x00000005c1400000, 0x00000005d0a80000, 0x0000000715c00000)
  object space 252416K, 21% used [0x00000005c1400000,0x00000005c4907698,0x00000005d0a80000)
 Metaspace       used 49223K, capacity 50148K, committed 50648K, reserved 1093632K
  class space    used 5782K, capacity 6052K, committed 6144K, reserved 1048576K
}

Deoptimization events (10 events):
Event: 3.089 Thread 0x0000000002d8e000 Uncommon trap: reason=unstable_if action=reinterpret pc=0x00000000042511d0 method=org.jetbrains.kotlin.com.intellij.lang.impl.PsiBuilderImpl.processDone(Lorg/jetbrains/kotlin/com/intellij/lang/impl/PsiBuilderImpl$StartMarker;Ljava/lang/String;Lorg/jetbrai
Event: 3.089 Thread 0x0000000002d8e000 Uncommon trap: reason=unstable_if action=reinterpret pc=0x0000000004ac6080 method=org.jetbrains.kotlin.com.intellij.lang.impl.PsiBuilderImpl.createComposite(Lorg/jetbrains/kotlin/com/intellij/lang/impl/PsiBuilderImpl$StartMarker;Lorg/jetbrains/kotlin/com/
Event: 3.099 Thread 0x0000000002d8e000 Uncommon trap: reason=unstable_if action=reinterpret pc=0x0000000003319218 method=java.lang.AbstractStringBuilder.append(Ljava/lang/String;)Ljava/lang/AbstractStringBuilder; @ 1
Event: 3.113 Thread 0x0000000002d8e000 Uncommon trap: reason=unstable_if action=reinterpret pc=0x0000000003441808 method=java.util.ArrayList.remove(I)Ljava/lang/Object; @ 31
Event: 3.117 Thread 0x0000000002d8e000 Uncommon trap: reason=unstable_if action=reinterpret pc=0x00000000032433d0 method=java.lang.AbstractStringBuilder.append(Ljava/lang/String;)Ljava/lang/AbstractStringBuilder; @ 1
Event: 3.152 Thread 0x0000000002d8e000 Uncommon trap: reason=bimorphic action=maybe_recompile pc=0x0000000004c6ef08 method=org.jetbrains.kotlin.load.java.lazy.descriptors.LazyJavaStaticClassScope$computeMemberIndex$1.invoke(Lorg/jetbrains/kotlin/load/java/structure/JavaMember;)Ljava/lang/Boole
Event: 3.152 Thread 0x0000000002d8e000 Uncommon trap: reason=bimorphic action=maybe_recompile pc=0x0000000004c6ef08 method=org.jetbrains.kotlin.load.java.lazy.descriptors.LazyJavaStaticClassScope$computeMemberIndex$1.invoke(Lorg/jetbrains/kotlin/load/java/structure/JavaMember;)Ljava/lang/Boole
Event: 3.152 Thread 0x0000000002d8e000 Uncommon trap: reason=bimorphic action=maybe_recompile pc=0x0000000004c6ef08 method=org.jetbrains.kotlin.load.java.lazy.descriptors.LazyJavaStaticClassScope$computeMemberIndex$1.invoke(Lorg/jetbrains/kotlin/load/java/structure/JavaMember;)Ljava/lang/Boole
Event: 3.152 Thread 0x0000000002d8e000 Uncommon trap: reason=bimorphic action=maybe_recompile pc=0x0000000004c6ef08 method=org.jetbrains.kotlin.load.java.lazy.descriptors.LazyJavaStaticClassScope$computeMemberIndex$1.invoke(Lorg/jetbrains/kotlin/load/java/structure/JavaMember;)Ljava/lang/Boole
Event: 3.153 Thread 0x0000000002d8e000 Uncommon trap: reason=bimorphic action=maybe_recompile pc=0x0000000004c753e8 method=org.jetbrains.kotlin.load.java.lazy.descriptors.LazyJavaStaticClassScope$computeMemberIndex$1.invoke(Lorg/jetbrains/kotlin/load/java/structure/JavaMember;)Ljava/lang/Boole

Classes redefined (0 events):
No events

Internal exceptions (10 events):
Event: 2.983 Thread 0x0000000002d8e000 Exception <a 'java/lang/NoSuchMethodError': java.lang.Object.lambda$static$0(I)[Lorg/jetbrains/kotlin/com/intellij/psi/PsiImportStatementBase;> (0x0000000719582e30) thrown at [C:\src\AOSP-openjdk-git\hotspot\src\share\vm\interpreter\linkResolver.cpp, line
Event: 2.989 Thread 0x0000000002d8e000 Exception <a 'java/lang/NoSuchMethodError': java.lang.Object.lambda$static$0(I)I> (0x00000007195de5f0) thrown at [C:\src\AOSP-openjdk-git\hotspot\src\share\vm\interpreter\linkResolver.cpp, line 620]
Event: 2.994 Thread 0x0000000002d8e000 Exception <a 'java/lang/NoSuchMethodError': java.lang.Object.lambda$static$0(I)[Lorg/jetbrains/kotlin/com/intellij/psi/PsiParameter;> (0x0000000719645268) thrown at [C:\src\AOSP-openjdk-git\hotspot\src\share\vm\interpreter\linkResolver.cpp, line 620]
Event: 3.011 Thread 0x0000000002d8e000 Exception <a 'java/lang/NoSuchMethodError': java.lang.Object.lambda$static$0(I)[Lorg/jetbrains/kotlin/com/intellij/psi/PsiNameValuePair;> (0x00000007197950f8) thrown at [C:\src\AOSP-openjdk-git\hotspot\src\share\vm\interpreter\linkResolver.cpp, line 620]
Event: 3.013 Thread 0x0000000002d8e000 Exception <a 'java/lang/NoSuchMethodError': java.lang.Object.lambda$static$0(I)[Lorg/jetbrains/kotlin/com/intellij/psi/PsiAnnotationMemberValue;> (0x00000007197b1260) thrown at [C:\src\AOSP-openjdk-git\hotspot\src\share\vm\interpreter\linkResolver.cpp, li
Event: 3.017 Thread 0x0000000002d8e000 Exception <a 'java/lang/IncompatibleClassChangeError': Found class java.lang.Object, but interface was expected> (0x00000007197e7c78) thrown at [C:\src\AOSP-openjdk-git\hotspot\src\share\vm\interpreter\linkResolver.cpp, line 653]
Event: 3.089 Thread 0x0000000002d8e000 Implicit null exception at 0x000000000465701e to 0x0000000004657a71
Event: 3.096 Thread 0x0000000002d8e000 Exception <a 'java/lang/IncompatibleClassChangeError': Found class java.lang.Object, but interface was expected> (0x0000000719e3d5e0) thrown at [C:\src\AOSP-openjdk-git\hotspot\src\share\vm\interpreter\linkResolver.cpp, line 653]
Event: 3.099 Thread 0x0000000002d8e000 Implicit null exception at 0x0000000003318e56 to 0x0000000003319201
Event: 3.117 Thread 0x0000000002d8e000 Implicit null exception at 0x0000000003243016 to 0x00000000032433b9

Events (10 events):
Event: 3.153 Thread 0x0000000002d8e000 Uncommon trap: trap_request=0xffffffc6 fr.pc=0x0000000004c753e8
Event: 3.153 Thread 0x0000000002d8e000 DEOPT PACKING pc=0x0000000004c753e8 sp=0x0000000002cfb520
Event: 3.153 Thread 0x0000000002d8e000 DEOPT UNPACKING pc=0x0000000002ed557b sp=0x0000000002cfb408 mode 2
Event: 3.153 loading class org/jetbrains/kotlin/com/intellij/psi/impl/source/PsiParameterImpl
Event: 3.153 loading class org/jetbrains/kotlin/com/intellij/psi/impl/source/PsiParameterImpl done
Event: 3.153 loading class org/jetbrains/kotlin/com/intellij/psi/PsiLambdaParameterType
Event: 3.153 loading class org/jetbrains/kotlin/com/intellij/psi/PsiLambdaParameterType done
Event: 3.154 loading class org/jetbrains/kotlin/load/java/structure/impl/JavaValueParameterImpl
Event: 3.154 loading class org/jetbrains/kotlin/load/java/structure/impl/JavaValueParameterImpl done
Event: 3.154 Executing VM operation: Deoptimize


Dynamic libraries:
0x00007ff793f80000 - 0x00007ff793fb1000 	E:\Android Studio\jre\jre\bin\java.exe
0x00007ff880570000 - 0x00007ff880765000 	C:\WINDOWS\SYSTEM32\ntdll.dll
0x00007ff87f100000 - 0x00007ff87f1bd000 	C:\WINDOWS\System32\KERNEL32.DLL
0x00007ff87dce0000 - 0x00007ff87dfa9000 	C:\WINDOWS\System32\KERNELBASE.dll
0x00007ff87e5e0000 - 0x00007ff87e68c000 	C:\WINDOWS\System32\ADVAPI32.dll
0x00007ff87eeb0000 - 0x00007ff87ef4e000 	C:\WINDOWS\System32\msvcrt.dll
0x00007ff87f590000 - 0x00007ff87f62b000 	C:\WINDOWS\System32\sechost.dll
0x00007ff87f6f0000 - 0x00007ff87f81a000 	C:\WINDOWS\System32\RPCRT4.dll
0x00007ff880390000 - 0x00007ff880530000 	C:\WINDOWS\System32\USER32.dll
0x00007ff87dfb0000 - 0x00007ff87dfd2000 	C:\WINDOWS\System32\win32u.dll
0x00007ff880360000 - 0x00007ff88038a000 	C:\WINDOWS\System32\GDI32.dll
0x00007ff87e290000 - 0x00007ff87e39b000 	C:\WINDOWS\System32\gdi32full.dll
0x00007ff87e3a0000 - 0x00007ff87e43d000 	C:\WINDOWS\System32\msvcp_win.dll
0x00007ff87e030000 - 0x00007ff87e130000 	C:\WINDOWS\System32\ucrtbase.dll
0x00007ff869040000 - 0x00007ff8692da000 	C:\WINDOWS\WinSxS\amd64_microsoft.windows.common-controls_6595b64144ccf1df_6.0.19041.1110_none_60b5254171f9507e\COMCTL32.dll
0x00007ff87ef50000 - 0x00007ff87ef80000 	C:\WINDOWS\System32\IMM32.DLL
0x000000005f1f0000 - 0x000000005f2c2000 	E:\Android Studio\jre\jre\bin\msvcr100.dll
0x000000005e710000 - 0x000000005ef5b000 	E:\Android Studio\jre\jre\bin\server\jvm.dll
0x00007ff87f090000 - 0x00007ff87f098000 	C:\WINDOWS\System32\PSAPI.DLL
0x00007ff86eed0000 - 0x00007ff86eef7000 	C:\WINDOWS\SYSTEM32\WINMM.dll
0x00007ff86a700000 - 0x00007ff86a709000 	C:\WINDOWS\SYSTEM32\WSOCK32.dll
0x00007ff878fe0000 - 0x00007ff878fea000 	C:\WINDOWS\SYSTEM32\VERSION.dll
0x00007ff87f4a0000 - 0x00007ff87f50b000 	C:\WINDOWS\System32\WS2_32.dll
0x00007ff879980000 - 0x00007ff87998f000 	E:\Android Studio\jre\jre\bin\verify.dll
0x00007ff86ac50000 - 0x00007ff86ac79000 	E:\Android Studio\jre\jre\bin\java.dll
0x00007ff878b60000 - 0x00007ff878b76000 	E:\Android Studio\jre\jre\bin\zip.dll
0x00007ff87e770000 - 0x00007ff87eeaf000 	C:\WINDOWS\System32\SHELL32.dll
0x00007ff87be00000 - 0x00007ff87c591000 	C:\WINDOWS\SYSTEM32\windows.storage.dll
0x00007ff87fd60000 - 0x00007ff8800b5000 	C:\WINDOWS\System32\combase.dll
0x00007ff87d720000 - 0x00007ff87d74c000 	C:\WINDOWS\SYSTEM32\Wldp.dll
0x00007ff87ef80000 - 0x00007ff87f02e000 	C:\WINDOWS\System32\SHCORE.dll
0x00007ff87f0a0000 - 0x00007ff87f0f5000 	C:\WINDOWS\System32\shlwapi.dll
0x00007ff87dbf0000 - 0x00007ff87dc0f000 	C:\WINDOWS\SYSTEM32\profapi.dll
0x00007ff86ed70000 - 0x00007ff86ed8a000 	E:\Android Studio\jre\jre\bin\net.dll
0x00007ff87d480000 - 0x00007ff87d4ea000 	C:\WINDOWS\system32\mswsock.dll
0x00007ff86eb20000 - 0x00007ff86eb33000 	E:\Android Studio\jre\jre\bin\nio.dll

VM Arguments:
java_command: org.jetbrains.kotlin.cli.jvm.K2JVMCompiler @E:\Openclassrooms\RealEstateManager\RealEstateManager\app\build\20210813_8491652437825027980.compiler.options
java_class_path (initial): E:\Android Studio\.gradle\caches\modules-2\files-2.1\org.jetbrains.kotlin\kotlin-compiler-embeddable\1.5.30-M1\e91f1111f78308f4cf1e7184a09f5e5b7b1e0b6e\kotlin-compiler-embeddable-1.5.30-M1.jar;E:\Android Studio\.gradle\caches\modules-2\files-2.1\org.jetbrains.kotlin\kotlin-reflect\1.5.30-M1\26e6422bcc08ce5dee39f3d0c0d60e48b112eee7\kotlin-reflect-1.5.30-M1.jar;E:\Android Studio\.gradle\caches\modules-2\files-2.1\org.jetbrains.kotlin\kotlin-stdlib\1.5.30-M1\73cc97c96c3aade3d1ce83d559c9005e5bfbb227\kotlin-stdlib-1.5.30-M1.jar;E:\Android Studio\.gradle\caches\modules-2\files-2.1\org.jetbrains.kotlin\kotlin-script-runtime\1.5.30-M1\1bd666c35af4a4a6211d5a2f6cfcfc3261cf93df\kotlin-script-runtime-1.5.30-M1.jar;E:\Android Studio\.gradle\caches\modules-2\files-2.1\org.jetbrains.kotlin\kotlin-daemon-embeddable\1.5.30-M1\6671268d2043aeb039f0f93c73e36efc6de0a24c\kotlin-daemon-embeddable-1.5.30-M1.jar;E:\Android Studio\.gradle\caches\modules-2\files-2.1\org.jetbrains.intellij.deps\trove4j\1.0.20181211\216c2e14b070f334479d800987affe4054cd563f\trove4j-1.0.20181211.jar;E:\Android Studio\.gradle\caches\modules-2\files-2.1\org.jetbrains\annotations\13.0\919f0dfe192fb4e063e7dacadee7f8bb9a2672a9\annotations-13.0.jar;E:\Android Studio\.gradle\caches\modules-2\files-2.1\org.jetbrains.kotlin\kotlin-stdlib-common\1.5.30-M1\ba880ebbd0bb083b5af650133163cebcb8d19120\kotlin-stdlib-common-1.5.30-M1.jar;E:\Android Studio\jre\lib\tools.jar
Launcher Type: SUN_STANDARD

Environment Variables:
PATH=C:\Program Files (x86)\Razer Chroma SDK\bin;C:\Program Files\Razer Chroma SDK\bin;C:\Program Files (x86)\Razer\ChromaBroadcast\bin;C:\Program Files\Razer\ChromaBroadcast\bin;C:\Program Files (x86)\Common Files\Oracle\Java\javapath;E:\JDK\bin;C:\WINDOWS\system32;C:\WINDOWS;C:\WINDOWS\System32\Wbem;C:\WINDOWS\System32\WindowsPowerShell\v1.0\;C:\WINDOWS\System32\OpenSSH\;C:\Program Files (x86)\NVIDIA Corporation\PhysX\Common;C:\Program Files\NVIDIA Corporation\NVIDIA NvDLISR;C:\Program Files\Git\cmd;C:\WINDOWS\system32\config\systemprofile\AppData\Local\Microsoft\WindowsApps;;%SystemRoot%\system32;%SystemRoot%;%SystemRoot%\System32\Wbem;%SYSTEMROOT%\System32\WindowsPowerShell\v1.0\;%SYSTEMROOT%\System32\OpenSSH\;C:\Users\rochefamily\AppData\Local\Microsoft\WindowsApps;C:\Users\rochefamily\AppData\Local\Programs\Microsoft VS Code\bin;C:\Users\rochefamily\AppData\Local\GitHubDesktop\bin;%USERPROFILE%\AppData\Local\Microsoft\WindowsApps;
USERNAME=rochefamily
OS=Windows_NT
PROCESSOR_IDENTIFIER=Intel64 Family 6 Model 165 Stepping 5, GenuineIntel



---------------  S Y S T E M  ---------------

OS: Windows 10.0 , 64 bit Build 19041 (10.0.19041.1023)

CPU:total 16 (initial active 16) (8 cores per cpu, 2 threads per core) family 6 model 165 stepping 5, cmov, cx8, fxsr, mmx, sse, sse2, sse3, ssse3, sse4.1, sse4.2, popcnt, avx, avx2, aes, clmul, erms, 3dnowpref, lzcnt, ht, tsc, tscinvbit, bmi1, bmi2, adx

Memory: 4k page, physical 33471964k(3752340k free), swap 49987288k(5332k free)

vm_info: OpenJDK 64-Bit Server VM (25.242-b01) for windows-amd64 JRE (1.8.0_242-release-1644-b01), built by "builder" with MS VC++ 10.0 (VS2010)

time: Fri Aug 13 15:53:43 2021
timezone: Paris, Madrid (heure d’été)
elapsed time: 3 seconds (0d 0h 0m 3s)

