#
# There is insufficient memory for the Java Runtime Environment to continue.
# Native memory allocation (malloc) failed to allocate 655888 bytes for Chunk::new
# Possible reasons:
#   The system is out of physical RAM or swap space
#   The process is running with CompressedOops enabled, and the Java Heap may be blocking the growth of the native heap
# Possible solutions:
#   Reduce memory load on the system
#   Increase physical memory or swap space
#   Check if swap backing store is full
#   Decrease Java heap size (-Xmx/-Xms)
#   Decrease number of Java threads
#   Decrease Java thread stack sizes (-Xss)
#   Set larger code cache with -XX:ReservedCodeCacheSize=
#   JVM is running with Zero Based Compressed Oops mode in which the Java heap is
#     placed in the first 32GB address space. The Java Heap base address is the
#     maximum limit for the native heap growth. Please use -XX:HeapBaseMinAddress
#     to set the Java Heap base and to place the Java Heap above 32GB virtual address.
# This output file may be truncated or incomplete.
#
#  Out of Memory Error (allocation.cpp:389), pid=46180, tid=0x000000000000df68
#
# JRE version: OpenJDK Runtime Environment (8.0_242-b01) (build 1.8.0_242-release-1644-b01)
# Java VM: OpenJDK 64-Bit Server VM (25.242-b01 mixed mode windows-amd64 compressed oops)
# Failed to write core dump. Minidumps are not enabled by default on client versions of Windows
#

---------------  T H R E A D  ---------------

Current thread (0x00000000274fa800):  JavaThread "C2 CompilerThread6" daemon [_thread_in_native, id=57192, stack(0x0000000029750000,0x0000000029850000)]

Stack: [0x0000000029750000,0x0000000029850000]
[error occurred during error reporting (printing stack bounds), id 0xc0000005]

Native frames: (J=compiled Java code, j=interpreted, Vv=VM code, C=native code)


Current CompileTask:
C2:   4892 12218       4       org.jetbrains.kotlin.renderer.DescriptorRendererImpl::renderNormalizedType (83 bytes)


---------------  P R O C E S S  ---------------

Java Threads: ( => current thread )
  0x00000000275b8800 JavaThread "Service Thread" daemon [_thread_blocked, id=11352, stack(0x0000000029d50000,0x0000000029e50000)]
  0x0000000027555000 JavaThread "C1 CompilerThread11" daemon [_thread_blocked, id=53456, stack(0x0000000029c50000,0x0000000029d50000)]
  0x0000000027551000 JavaThread "C1 CompilerThread10" daemon [_thread_blocked, id=60540, stack(0x0000000029b50000,0x0000000029c50000)]
  0x000000002752f800 JavaThread "C1 CompilerThread9" daemon [_thread_blocked, id=52408, stack(0x0000000029a50000,0x0000000029b50000)]
  0x000000002751e800 JavaThread "C1 CompilerThread8" daemon [_thread_blocked, id=32636, stack(0x0000000029950000,0x0000000029a50000)]
  0x0000000027513800 JavaThread "C2 CompilerThread7" daemon [_thread_blocked, id=45272, stack(0x0000000029850000,0x0000000029950000)]
=>0x00000000274fa800 JavaThread "C2 CompilerThread6" daemon [_thread_in_native, id=57192, stack(0x0000000029750000,0x0000000029850000)]
  0x00000000274f2000 JavaThread "C2 CompilerThread5" daemon [_thread_in_native, id=29456, stack(0x0000000029650000,0x0000000029750000)]
  0x00000000274eb000 JavaThread "C2 CompilerThread4" daemon [_thread_in_native, id=36768, stack(0x0000000029550000,0x0000000029650000)]
  0x00000000274e9800 JavaThread "C2 CompilerThread3" daemon [_thread_in_native, id=18060, stack(0x0000000029450000,0x0000000029550000)]
  0x00000000274e6800 JavaThread "C2 CompilerThread2" daemon [_thread_in_native, id=20536, stack(0x0000000029350000,0x0000000029450000)]
  0x00000000274e6000 JavaThread "C2 CompilerThread1" daemon [_thread_in_native, id=51348, stack(0x0000000029250000,0x0000000029350000)]
  0x00000000274e3000 JavaThread "C2 CompilerThread0" daemon [_thread_blocked, id=31480, stack(0x0000000029150000,0x0000000029250000)]
  0x00000000274e2000 JavaThread "Attach Listener" daemon [_thread_blocked, id=39024, stack(0x0000000029050000,0x0000000029150000)]
  0x00000000274dd800 JavaThread "Signal Dispatcher" daemon [_thread_blocked, id=48764, stack(0x0000000028f50000,0x0000000029050000)]
  0x0000000025a63800 JavaThread "Finalizer" daemon [_thread_blocked, id=65252, stack(0x0000000028d20000,0x0000000028e20000)]
  0x0000000025a5c800 JavaThread "Reference Handler" daemon [_thread_blocked, id=61404, stack(0x0000000028c20000,0x0000000028d20000)]
  0x0000000000a4e000 JavaThread "main" [_thread_in_Java, id=26644, stack(0x0000000002310000,0x0000000002410000)]

Other Threads:
  0x00000000274a2800 VMThread [stack: 0x0000000028b20000,0x0000000028c20000] [id=55980]
  0x00000000275b9000 WatcherThread [stack: 0x0000000029e50000,0x0000000029f50000] [id=30476]

VM state:not at safepoint (normal execution)

VM Mutex/Monitor currently owned by a thread:  ([mutex/lock_event])
[0x00000000024a04d0] Compile_lock - owner thread: 0x0000000000000000

heap address: 0x00000005c1400000, size: 8172 MB, Compressed Oops mode: Zero based, Oop shift amount: 3
Narrow klass base: 0x0000000000000000, Narrow klass shift: 3
Compressed class space size: 1073741824 Address: 0x00000007c0000000

Heap:
 PSYoungGen      total 239616K, used 147126K [0x0000000715c00000, 0x0000000727280000, 0x00000007c0000000)
  eden space 239104K, 61% used [0x0000000715c00000,0x000000071ebad918,0x0000000724580000)
  from space 512K, 0% used [0x0000000727200000,0x0000000727200000,0x0000000727280000)
  to   space 21504K, 0% used [0x0000000724880000,0x0000000724880000,0x0000000725d80000)
 ParOldGen       total 459264K, used 65071K [0x00000005c1400000, 0x00000005dd480000, 0x0000000715c00000)
  object space 459264K, 14% used [0x00000005c1400000,0x00000005c538bf60,0x00000005dd480000)
 Metaspace       used 64796K, capacity 66110K, committed 66392K, reserved 1107968K
  class space    used 7374K, capacity 7685K, committed 7808K, reserved 1048576K

Card table byte_map: [0x0000000011960000,0x0000000012960000] byte_map_base: 0x000000000eb56000

Marking Bits: (ParMarkBitMap*) 0x000000005eedf030
 Begin Bits: [0x0000000014110000, 0x000000001c0c0000)
 End Bits:   [0x000000001c0c0000, 0x0000000024070000)

Polling page: 0x0000000000a00000

CodeCache: size=245760Kb used=51552Kb max_used=51573Kb free=194207Kb
 bounds [0x00000000025a0000, 0x0000000005830000, 0x00000000115a0000]
 total_blobs=11422 nmethods=10823 adapters=506
 compilation: enabled

Compilation events (10 events):
Event: 4.889 Thread 0x00000000274e9800 nmethod 12214 0x0000000005808ed0 code [0x0000000005809060, 0x00000000058093c8]
Event: 4.889 Thread 0x00000000274e9800 12293       4       org.jetbrains.kotlin.renderer.DescriptorRendererImpl::shouldRenderAsPrettyFunctionType (101 bytes)
Event: 4.890 Thread 0x00000000274f2000 nmethod 11795 0x0000000005819450 code [0x0000000005819b40, 0x0000000005821e40]
Event: 4.890 Thread 0x00000000274e9800 nmethod 12293 0x000000000580ae50 code [0x000000000580afa0, 0x000000000580b108]
Event: 4.890 Thread 0x00000000274e9800 12309       4       org.jetbrains.kotlin.psi2ir.generators.DeclarationGeneratorExtension::getContext (8 bytes)
Event: 4.890 Thread 0x00000000274f2000 12294       4       org.jetbrains.kotlin.renderer.DescriptorRendererImpl::renderDefaultType (228 bytes)
Event: 4.890 Thread 0x00000000274e9800 nmethod 12309 0x0000000005699790 code [0x00000000056998c0, 0x0000000005699938]
Event: 4.890 Thread 0x00000000274e9800 12290       4       org.jetbrains.kotlin.renderer.DescriptorRendererImpl::renderFqName (25 bytes)
Event: 4.892 Thread 0x00000000274e3000 nmethod 12259 0x0000000005807a10 code [0x0000000005807c00, 0x0000000005808378]
Event: 4.892 Thread 0x00000000274e3000 12310       4       org.jetbrains.kotlin.com.intellij.psi.impl.PsiElementBase::findChildByClass (31 bytes)

GC Heap History (10 events):
Event: 1.424 GC heap before
{Heap before GC invocations=3 (full 1):
 PSYoungGen      total 153088K, used 114212K [0x0000000715c00000, 0x0000000728700000, 0x00000007c0000000)
  eden space 131584K, 86% used [0x0000000715c00000,0x000000071cb89170,0x000000071dc80000)
  from space 21504K, 0% used [0x000000071dc80000,0x000000071dc80000,0x000000071f180000)
  to   space 21504K, 0% used [0x0000000727200000,0x0000000727200000,0x0000000728700000)
 ParOldGen       total 256000K, used 25121K [0x00000005c1400000, 0x00000005d0e00000, 0x0000000715c00000)
  object space 256000K, 9% used [0x00000005c1400000,0x00000005c2c88630,0x00000005d0e00000)
 Metaspace       used 34656K, capacity 35200K, committed 35416K, reserved 1081344K
  class space    used 4324K, capacity 4477K, committed 4480K, reserved 1048576K
Event: 1.433 GC heap after
Heap after GC invocations=3 (full 1):
 PSYoungGen      total 191488K, used 21475K [0x0000000715c00000, 0x0000000728700000, 0x00000007c0000000)
  eden space 169984K, 0% used [0x0000000715c00000,0x0000000715c00000,0x0000000720200000)
  from space 21504K, 99% used [0x0000000727200000,0x00000007286f8fd8,0x0000000728700000)
  to   space 21504K, 0% used [0x0000000725d00000,0x0000000725d00000,0x0000000727200000)
 ParOldGen       total 256000K, used 34082K [0x00000005c1400000, 0x00000005d0e00000, 0x0000000715c00000)
  object space 256000K, 13% used [0x00000005c1400000,0x00000005c35488e0,0x00000005d0e00000)
 Metaspace       used 34656K, capacity 35200K, committed 35416K, reserved 1081344K
  class space    used 4324K, capacity 4477K, committed 4480K, reserved 1048576K
}
Event: 1.433 GC heap before
{Heap before GC invocations=4 (full 2):
 PSYoungGen      total 191488K, used 21475K [0x0000000715c00000, 0x0000000728700000, 0x00000007c0000000)
  eden space 169984K, 0% used [0x0000000715c00000,0x0000000715c00000,0x0000000720200000)
  from space 21504K, 99% used [0x0000000727200000,0x00000007286f8fd8,0x0000000728700000)
  to   space 21504K, 0% used [0x0000000725d00000,0x0000000725d00000,0x0000000727200000)
 ParOldGen       total 256000K, used 34082K [0x00000005c1400000, 0x00000005d0e00000, 0x0000000715c00000)
  object space 256000K, 13% used [0x00000005c1400000,0x00000005c35488e0,0x00000005d0e00000)
 Metaspace       used 34656K, capacity 35200K, committed 35416K, reserved 1081344K
  class space    used 4324K, capacity 4477K, committed 4480K, reserved 1048576K
Event: 1.484 GC heap after
Heap after GC invocations=4 (full 2):
 PSYoungGen      total 191488K, used 0K [0x0000000715c00000, 0x0000000728700000, 0x00000007c0000000)
  eden space 169984K, 0% used [0x0000000715c00000,0x0000000715c00000,0x0000000720200000)
  from space 21504K, 0% used [0x0000000727200000,0x0000000727200000,0x0000000728700000)
  to   space 21504K, 0% used [0x0000000725d00000,0x0000000725d00000,0x0000000727200000)
 ParOldGen       total 459264K, used 42390K [0x00000005c1400000, 0x00000005dd480000, 0x0000000715c00000)
  object space 459264K, 9% used [0x00000005c1400000,0x00000005c3d65ab8,0x00000005dd480000)
 Metaspace       used 34656K, capacity 35200K, committed 35416K, reserved 1081344K
  class space    used 4324K, capacity 4477K, committed 4480K, reserved 1048576K
}
Event: 2.623 GC heap before
{Heap before GC invocations=5 (full 2):
 PSYoungGen      total 191488K, used 169984K [0x0000000715c00000, 0x0000000728700000, 0x00000007c0000000)
  eden space 169984K, 100% used [0x0000000715c00000,0x0000000720200000,0x0000000720200000)
  from space 21504K, 0% used [0x0000000727200000,0x0000000727200000,0x0000000728700000)
  to   space 21504K, 0% used [0x0000000725d00000,0x0000000725d00000,0x0000000727200000)
 ParOldGen       total 459264K, used 42390K [0x00000005c1400000, 0x00000005dd480000, 0x0000000715c00000)
  object space 459264K, 9% used [0x00000005c1400000,0x00000005c3d65ab8,0x00000005dd480000)
 Metaspace       used 49136K, capacity 50084K, committed 50392K, reserved 1093632K
  class space    used 5782K, capacity 6052K, committed 6144K, reserved 1048576K
Event: 2.635 GC heap after
Heap after GC invocations=5 (full 2):
 PSYoungGen      total 223744K, used 21491K [0x0000000715c00000, 0x0000000727280000, 0x00000007c0000000)
  eden space 202240K, 0% used [0x0000000715c00000,0x0000000715c00000,0x0000000722180000)
  from space 21504K, 99% used [0x0000000725d00000,0x00000007271fcf90,0x0000000727200000)
  to   space 512K, 0% used [0x0000000727200000,0x0000000727200000,0x0000000727280000)
 ParOldGen       total 459264K, used 53277K [0x00000005c1400000, 0x00000005dd480000, 0x0000000715c00000)
  object space 459264K, 11% used [0x00000005c1400000,0x00000005c4807658,0x00000005dd480000)
 Metaspace       used 49136K, capacity 50084K, committed 50392K, reserved 1093632K
  class space    used 5782K, capacity 6052K, committed 6144K, reserved 1048576K
}
Event: 3.661 GC heap before
{Heap before GC invocations=6 (full 2):
 PSYoungGen      total 223744K, used 132052K [0x0000000715c00000, 0x0000000727280000, 0x00000007c0000000)
  eden space 202240K, 54% used [0x0000000715c00000,0x000000071c7f8468,0x0000000722180000)
  from space 21504K, 99% used [0x0000000725d00000,0x00000007271fcf90,0x0000000727200000)
  to   space 512K, 0% used [0x0000000727200000,0x0000000727200000,0x0000000727280000)
 ParOldGen       total 459264K, used 53277K [0x00000005c1400000, 0x00000005dd480000, 0x0000000715c00000)
  object space 459264K, 11% used [0x00000005c1400000,0x00000005c4807658,0x00000005dd480000)
 Metaspace       used 57590K, capacity 58798K, committed 59028K, reserved 1101824K
  class space    used 6730K, capacity 7047K, committed 7168K, reserved 1048576K
Event: 3.671 GC heap after
Heap after GC invocations=6 (full 2):
 PSYoungGen      total 239616K, used 512K [0x0000000715c00000, 0x0000000727280000, 0x00000007c0000000)
  eden space 239104K, 0% used [0x0000000715c00000,0x0000000715c00000,0x0000000724580000)
  from space 512K, 100% used [0x0000000727200000,0x0000000727280000,0x0000000727280000)
  to   space 21504K, 0% used [0x0000000724880000,0x0000000724880000,0x0000000725d80000)
 ParOldGen       total 459264K, used 89682K [0x00000005c1400000, 0x00000005dd480000, 0x0000000715c00000)
  object space 459264K, 19% used [0x00000005c1400000,0x00000005c6b948b0,0x00000005dd480000)
 Metaspace       used 57590K, capacity 58798K, committed 59028K, reserved 1101824K
  class space    used 6730K, capacity 7047K, committed 7168K, reserved 1048576K
}
Event: 3.671 GC heap before
{Heap before GC invocations=7 (full 3):
 PSYoungGen      total 239616K, used 512K [0x0000000715c00000, 0x0000000727280000, 0x00000007c0000000)
  eden space 239104K, 0% used [0x0000000715c00000,0x0000000715c00000,0x0000000724580000)
  from space 512K, 100% used [0x0000000727200000,0x0000000727280000,0x0000000727280000)
  to   space 21504K, 0% used [0x0000000724880000,0x0000000724880000,0x0000000725d80000)
 ParOldGen       total 459264K, used 89682K [0x00000005c1400000, 0x00000005dd480000, 0x0000000715c00000)
  object space 459264K, 19% used [0x00000005c1400000,0x00000005c6b948b0,0x00000005dd480000)
 Metaspace       used 57590K, capacity 58798K, committed 59028K, reserved 1101824K
  class space    used 6730K, capacity 7047K, committed 7168K, reserved 1048576K
Event: 3.790 GC heap after
Heap after GC invocations=7 (full 3):
 PSYoungGen      total 239616K, used 0K [0x0000000715c00000, 0x0000000727280000, 0x00000007c0000000)
  eden space 239104K, 0% used [0x0000000715c00000,0x0000000715c00000,0x0000000724580000)
  from space 512K, 0% used [0x0000000727200000,0x0000000727200000,0x0000000727280000)
  to   space 21504K, 0% used [0x0000000724880000,0x0000000724880000,0x0000000725d80000)
 ParOldGen       total 459264K, used 65071K [0x00000005c1400000, 0x00000005dd480000, 0x0000000715c00000)
  object space 459264K, 14% used [0x00000005c1400000,0x00000005c538bf60,0x00000005dd480000)
 Metaspace       used 57590K, capacity 58798K, committed 59028K, reserved 1101824K
  class space    used 6730K, capacity 7047K, committed 7168K, reserved 1048576K
}

Deoptimization events (10 events):
Event: 4.832 Thread 0x0000000000a4e000 Uncommon trap: reason=class_check action=maybe_recompile pc=0x0000000005732484 method=org.jetbrains.kotlin.ir.util.TypeTranslator.translateTypeAnnotations(Lorg/jetbrains/kotlin/types/KotlinType;Lorg/jetbrains/kotlin/types/KotlinType;)Ljava/util/List; @ 15
Event: 4.832 Thread 0x0000000000a4e000 Uncommon trap: reason=class_check action=maybe_recompile pc=0x0000000005732484 method=org.jetbrains.kotlin.ir.util.TypeTranslator.translateTypeAnnotations(Lorg/jetbrains/kotlin/types/KotlinType;Lorg/jetbrains/kotlin/types/KotlinType;)Ljava/util/List; @ 15
Event: 4.840 Thread 0x0000000000a4e000 Uncommon trap: reason=bimorphic action=maybe_recompile pc=0x00000000056a1f28 method=org.jetbrains.kotlin.storage.LockBasedStorageManager$LockBasedLazyValue.invoke()Ljava/lang/Object; @ 24
Event: 4.840 Thread 0x0000000000a4e000 Uncommon trap: reason=bimorphic action=maybe_recompile pc=0x00000000056a1f28 method=org.jetbrains.kotlin.storage.LockBasedStorageManager$LockBasedLazyValue.invoke()Ljava/lang/Object; @ 24
Event: 4.840 Thread 0x0000000000a4e000 Uncommon trap: reason=bimorphic action=maybe_recompile pc=0x0000000004a537a8 method=org.jetbrains.kotlin.types.DescriptorSubstitutor.substituteTypeParameters(Ljava/util/List;Lorg/jetbrains/kotlin/types/TypeSubstitution;Lorg/jetbrains/kotlin/descriptors/De
Event: 4.863 Thread 0x0000000000a4e000 Uncommon trap: reason=class_check action=maybe_recompile pc=0x00000000057d7ed8 method=org.jetbrains.kotlin.ir.util.TypeTranslator.translateTypeAnnotations(Lorg/jetbrains/kotlin/types/KotlinType;Lorg/jetbrains/kotlin/types/KotlinType;)Ljava/util/List; @ 15
Event: 4.888 Thread 0x0000000000a4e000 Uncommon trap: reason=class_check action=maybe_recompile pc=0x0000000005818658 method=org.jetbrains.kotlin.idea.MainFunctionDetector$Companion.getJVMFunctionName(Lorg/jetbrains/kotlin/descriptors/FunctionDescriptor;)Ljava/lang/String; @ 1
Event: 4.888 Thread 0x0000000000a4e000 Uncommon trap: reason=class_check action=maybe_recompile pc=0x0000000005818658 method=org.jetbrains.kotlin.idea.MainFunctionDetector$Companion.getJVMFunctionName(Lorg/jetbrains/kotlin/descriptors/FunctionDescriptor;)Ljava/lang/String; @ 1
Event: 4.889 Thread 0x0000000000a4e000 Uncommon trap: reason=class_check action=maybe_recompile pc=0x0000000005818658 method=org.jetbrains.kotlin.idea.MainFunctionDetector$Companion.getJVMFunctionName(Lorg/jetbrains/kotlin/descriptors/FunctionDescriptor;)Ljava/lang/String; @ 1
Event: 4.889 Thread 0x0000000000a4e000 Uncommon trap: reason=class_check action=maybe_recompile pc=0x0000000005818658 method=org.jetbrains.kotlin.idea.MainFunctionDetector$Companion.getJVMFunctionName(Lorg/jetbrains/kotlin/descriptors/FunctionDescriptor;)Ljava/lang/String; @ 1

Classes redefined (0 events):
No events

Internal exceptions (10 events):
Event: 3.097 Thread 0x0000000000a4e000 Exception <a 'java/lang/NoSuchMethodError': java.lang.Object.lambda$static$0(I)[Lorg/jetbrains/kotlin/com/intellij/psi/PsiNameValuePair;> (0x0000000719a1a448) thrown at [C:\src\AOSP-openjdk-git\hotspot\src\share\vm\interpreter\linkResolver.cpp, line 620]
Event: 3.099 Thread 0x0000000000a4e000 Exception <a 'java/lang/NoSuchMethodError': java.lang.Object.lambda$static$0(I)[Lorg/jetbrains/kotlin/com/intellij/psi/PsiAnnotationMemberValue;> (0x0000000719a365b0) thrown at [C:\src\AOSP-openjdk-git\hotspot\src\share\vm\interpreter\linkResolver.cpp, li
Event: 3.103 Thread 0x0000000000a4e000 Exception <a 'java/lang/IncompatibleClassChangeError': Found class java.lang.Object, but interface was expected> (0x0000000719a6cf60) thrown at [C:\src\AOSP-openjdk-git\hotspot\src\share\vm\interpreter\linkResolver.cpp, line 653]
Event: 3.261 Thread 0x0000000000a4e000 Exception <a 'java/lang/IncompatibleClassChangeError': Found class java.lang.Object, but interface was expected> (0x000000071a7917f8) thrown at [C:\src\AOSP-openjdk-git\hotspot\src\share\vm\interpreter\linkResolver.cpp, line 653]
Event: 3.477 Thread 0x0000000000a4e000 Implicit null exception at 0x00000000044f390f to 0x00000000044f3de1
Event: 3.956 Thread 0x0000000000a4e000 Implicit null exception at 0x0000000004d4bb30 to 0x0000000004d4bb95
Event: 4.165 Thread 0x0000000000a4e000 Implicit null exception at 0x000000000296ff95 to 0x00000000029701a5
Event: 4.165 Thread 0x0000000000a4e000 Implicit null exception at 0x0000000002c5dbef to 0x0000000002c5dc59
Event: 4.240 Thread 0x0000000000a4e000 Implicit null exception at 0x0000000003d65994 to 0x0000000003d65c26
Event: 4.333 Thread 0x0000000000a4e000 Implicit null exception at 0x0000000003220fd2 to 0x00000000032211be

Events (10 events):
Event: 4.888 Thread 0x0000000000a4e000 Uncommon trap: trap_request=0xffffffde fr.pc=0x0000000005818658
Event: 4.889 Thread 0x0000000000a4e000 DEOPT PACKING pc=0x0000000005818658 sp=0x000000000240c5c0
Event: 4.889 Thread 0x0000000000a4e000 DEOPT UNPACKING pc=0x00000000025e557b sp=0x000000000240c430 mode 2
Event: 4.889 Thread 0x0000000000a4e000 Uncommon trap: trap_request=0xffffffde fr.pc=0x0000000005818658
Event: 4.889 Thread 0x0000000000a4e000 DEOPT PACKING pc=0x0000000005818658 sp=0x000000000240c4b0
Event: 4.889 Thread 0x0000000000a4e000 DEOPT UNPACKING pc=0x00000000025e557b sp=0x000000000240c320 mode 2
Event: 4.891 loading class org/jetbrains/kotlin/psi2ir/intermediate/AssignmentReceiver$DefaultImpls
Event: 4.891 loading class org/jetbrains/kotlin/psi2ir/intermediate/AssignmentReceiver$DefaultImpls done
Event: 4.891 loading class org/jetbrains/kotlin/psi2ir/intermediate/AssignmentReceiver$assign$1
Event: 4.891 loading class org/jetbrains/kotlin/psi2ir/intermediate/AssignmentReceiver$assign$1 done


Dynamic libraries:
0x00007ff6aa360000 - 0x00007ff6aa391000 	E:\Android Studio\jre\jre\bin\java.exe
0x00007ff880570000 - 0x00007ff880765000 	C:\WINDOWS\SYSTEM32\ntdll.dll
0x00007ff87f100000 - 0x00007ff87f1bd000 	C:\WINDOWS\System32\KERNEL32.DLL
0x00007ff87dce0000 - 0x00007ff87dfa9000 	C:\WINDOWS\System32\KERNELBASE.dll
0x00007ff87e5e0000 - 0x00007ff87e68c000 	C:\WINDOWS\System32\ADVAPI32.dll
0x00007ff87eeb0000 - 0x00007ff87ef4e000 	C:\WINDOWS\System32\msvcrt.dll
0x00007ff87f590000 - 0x00007ff87f62b000 	C:\WINDOWS\System32\sechost.dll
0x00007ff87f6f0000 - 0x00007ff87f81a000 	C:\WINDOWS\System32\RPCRT4.dll
0x00007ff880390000 - 0x00007ff880530000 	C:\WINDOWS\System32\USER32.dll
0x00007ff87dfb0000 - 0x00007ff87dfd2000 	C:\WINDOWS\System32\win32u.dll
0x00007ff880360000 - 0x00007ff88038a000 	C:\WINDOWS\System32\GDI32.dll
0x00007ff87e290000 - 0x00007ff87e39b000 	C:\WINDOWS\System32\gdi32full.dll
0x00007ff87e3a0000 - 0x00007ff87e43d000 	C:\WINDOWS\System32\msvcp_win.dll
0x00007ff87e030000 - 0x00007ff87e130000 	C:\WINDOWS\System32\ucrtbase.dll
0x00007ff869040000 - 0x00007ff8692da000 	C:\WINDOWS\WinSxS\amd64_microsoft.windows.common-controls_6595b64144ccf1df_6.0.19041.1110_none_60b5254171f9507e\COMCTL32.dll
0x00007ff87ef50000 - 0x00007ff87ef80000 	C:\WINDOWS\System32\IMM32.DLL
0x000000005e450000 - 0x000000005e522000 	E:\Android Studio\jre\jre\bin\msvcr100.dll
0x000000005e710000 - 0x000000005ef5b000 	E:\Android Studio\jre\jre\bin\server\jvm.dll
0x00007ff87f090000 - 0x00007ff87f098000 	C:\WINDOWS\System32\PSAPI.DLL
0x00007ff86a700000 - 0x00007ff86a709000 	C:\WINDOWS\SYSTEM32\WSOCK32.dll
0x00007ff878fe0000 - 0x00007ff878fea000 	C:\WINDOWS\SYSTEM32\VERSION.dll
0x00007ff86eed0000 - 0x00007ff86eef7000 	C:\WINDOWS\SYSTEM32\WINMM.dll
0x00007ff87f4a0000 - 0x00007ff87f50b000 	C:\WINDOWS\System32\WS2_32.dll
0x00007ff879980000 - 0x00007ff87998f000 	E:\Android Studio\jre\jre\bin\verify.dll
0x00007ff86ac50000 - 0x00007ff86ac79000 	E:\Android Studio\jre\jre\bin\java.dll
0x00007ff878b60000 - 0x00007ff878b76000 	E:\Android Studio\jre\jre\bin\zip.dll
0x00007ff87e770000 - 0x00007ff87eeaf000 	C:\WINDOWS\System32\SHELL32.dll
0x00007ff87be00000 - 0x00007ff87c591000 	C:\WINDOWS\SYSTEM32\windows.storage.dll
0x00007ff87fd60000 - 0x00007ff8800b5000 	C:\WINDOWS\System32\combase.dll
0x00007ff87d720000 - 0x00007ff87d74c000 	C:\WINDOWS\SYSTEM32\Wldp.dll
0x00007ff87ef80000 - 0x00007ff87f02e000 	C:\WINDOWS\System32\SHCORE.dll
0x00007ff87f0a0000 - 0x00007ff87f0f5000 	C:\WINDOWS\System32\shlwapi.dll
0x00007ff87dbf0000 - 0x00007ff87dc0f000 	C:\WINDOWS\SYSTEM32\profapi.dll
0x00007ff86ed70000 - 0x00007ff86ed8a000 	E:\Android Studio\jre\jre\bin\net.dll
0x00007ff87d480000 - 0x00007ff87d4ea000 	C:\WINDOWS\system32\mswsock.dll
0x00007ff86eb20000 - 0x00007ff86eb33000 	E:\Android Studio\jre\jre\bin\nio.dll

VM Arguments:
java_command: org.jetbrains.kotlin.cli.jvm.K2JVMCompiler @E:\Openclassrooms\RealEstateManager\RealEstateManager\app\build\20210811_410870721376959323.compiler.options
java_class_path (initial): E:\Android Studio\.gradle\caches\modules-2\files-2.1\org.jetbrains.kotlin\kotlin-compiler-embeddable\1.5.30-M1\e91f1111f78308f4cf1e7184a09f5e5b7b1e0b6e\kotlin-compiler-embeddable-1.5.30-M1.jar;E:\Android Studio\.gradle\caches\modules-2\files-2.1\org.jetbrains.kotlin\kotlin-reflect\1.5.30-M1\26e6422bcc08ce5dee39f3d0c0d60e48b112eee7\kotlin-reflect-1.5.30-M1.jar;E:\Android Studio\.gradle\caches\modules-2\files-2.1\org.jetbrains.kotlin\kotlin-stdlib\1.5.30-M1\73cc97c96c3aade3d1ce83d559c9005e5bfbb227\kotlin-stdlib-1.5.30-M1.jar;E:\Android Studio\.gradle\caches\modules-2\files-2.1\org.jetbrains.kotlin\kotlin-script-runtime\1.5.30-M1\1bd666c35af4a4a6211d5a2f6cfcfc3261cf93df\kotlin-script-runtime-1.5.30-M1.jar;E:\Android Studio\.gradle\caches\modules-2\files-2.1\org.jetbrains.kotlin\kotlin-daemon-embeddable\1.5.30-M1\6671268d2043aeb039f0f93c73e36efc6de0a24c\kotlin-daemon-embeddable-1.5.30-M1.jar;E:\Android Studio\.gradle\caches\modules-2\files-2.1\org.jetbrains.intellij.deps\trove4j\1.0.20181211\216c2e14b070f334479d800987affe4054cd563f\trove4j-1.0.20181211.jar;E:\Android Studio\.gradle\caches\modules-2\files-2.1\org.jetbrains\annotations\13.0\919f0dfe192fb4e063e7dacadee7f8bb9a2672a9\annotations-13.0.jar;E:\Android Studio\.gradle\caches\modules-2\files-2.1\org.jetbrains.kotlin\kotlin-stdlib-common\1.5.30-M1\ba880ebbd0bb083b5af650133163cebcb8d19120\kotlin-stdlib-common-1.5.30-M1.jar;E:\Android Studio\jre\lib\tools.jar
Launcher Type: SUN_STANDARD

Environment Variables:
PATH=C:\Program Files (x86)\Razer Chroma SDK\bin;C:\Program Files\Razer Chroma SDK\bin;C:\Program Files (x86)\Razer\ChromaBroadcast\bin;C:\Program Files\Razer\ChromaBroadcast\bin;C:\Program Files (x86)\Common Files\Oracle\Java\javapath;E:\JDK\bin;C:\WINDOWS\system32;C:\WINDOWS;C:\WINDOWS\System32\Wbem;C:\WINDOWS\System32\WindowsPowerShell\v1.0\;C:\WINDOWS\System32\OpenSSH\;C:\Program Files (x86)\NVIDIA Corporation\PhysX\Common;C:\Program Files\NVIDIA Corporation\NVIDIA NvDLISR;C:\Program Files\Git\cmd;C:\WINDOWS\system32\config\systemprofile\AppData\Local\Microsoft\WindowsApps;;%SystemRoot%\system32;%SystemRoot%;%SystemRoot%\System32\Wbem;%SYSTEMROOT%\System32\WindowsPowerShell\v1.0\;%SYSTEMROOT%\System32\OpenSSH\;C:\Users\rochefamily\AppData\Local\Microsoft\WindowsApps;C:\Users\rochefamily\AppData\Local\Programs\Microsoft VS Code\bin;C:\Users\rochefamily\AppData\Local\GitHubDesktop\bin;%USERPROFILE%\AppData\Local\Microsoft\WindowsApps;
USERNAME=rochefamily
OS=Windows_NT
PROCESSOR_IDENTIFIER=Intel64 Family 6 Model 165 Stepping 5, GenuineIntel



---------------  S Y S T E M  ---------------

OS: Windows 10.0 , 64 bit Build 19041 (10.0.19041.1023)

CPU:total 16 (initial active 16) (8 cores per cpu, 2 threads per core) family 6 model 165 stepping 5, cmov, cx8, fxsr, mmx, sse, sse2, sse3, ssse3, sse4.1, sse4.2, popcnt, avx, avx2, aes, clmul, erms, 3dnowpref, lzcnt, ht, tsc, tscinvbit, bmi1, bmi2, adx

Memory: 4k page, physical 33471964k(3631788k free), swap 49987288k(5668k free)

vm_info: OpenJDK 64-Bit Server VM (25.242-b01) for windows-amd64 JRE (1.8.0_242-release-1644-b01), built by "builder" with MS VC++ 10.0 (VS2010)

time: Wed Aug 11 16:53:57 2021
timezone: Paris, Madrid (heure d’été)
elapsed time: 4 seconds (0d 0h 0m 4s)

